[2016.02.24-20.29.24:279][  0]Log file open, 02/24/16 15:29:24
[2016.02.24-20.29.24:279][  0]LogInit:Display: Running engine for game: Glass_Eyes
[2016.02.24-20.29.24:279][  0]LogPlatformFile: Not using cached read wrapper
[2016.02.24-20.29.24:279][  0]LogInit:Display: RandInit(-1150092053) SRandInit(-1150092049).
[2016.02.24-20.29.24:279][  0]LogTaskGraph: Started task graph with 4 named threads and 7 total threads.
[2016.02.24-20.29.24:279][  0]LogStats: Stats thread started at 0.328034
[2016.02.24-20.29.24:279][  0]LogInit: Version: 4.10.2-2818068+++depot+UE4-Releases+4.10
[2016.02.24-20.29.24:279][  0]LogInit: API Version: 2758231
[2016.02.24-20.29.24:279][  0]LogInit: Compiled (64-bit): Jan  6 2016 17:36:42
[2016.02.24-20.29.24:279][  0]LogInit: Compiled with Visual C++: 19.00.23026.00
[2016.02.24-20.29.24:279][  0]LogInit: Build Configuration: Development
[2016.02.24-20.29.24:279][  0]LogInit: Branch Name: ++depot+UE4-Releases+4.10
[2016.02.24-20.29.24:279][  0]LogInit: Command line: 
[2016.02.24-20.29.24:279][  0]LogInit: Base directory: C:/Program Files (x86)/Epic Games/4.10/Engine/Binaries/Win64/
[2016.02.24-20.29.24:279][  0]LogInit: Rocket: 1
[2016.02.24-20.29.24:296][  0]LogInit: Using libcurl 7.41.0
[2016.02.24-20.29.24:296][  0]LogInit:  - built for x86_64-pc-win32
[2016.02.24-20.29.24:296][  0]LogInit:  - supports SSL with WinSSL
[2016.02.24-20.29.24:296][  0]LogInit:  - other features:
[2016.02.24-20.29.24:296][  0]LogInit:      CURL_VERSION_SSL
[2016.02.24-20.29.24:296][  0]LogInit:      CURL_VERSION_IPV6
[2016.02.24-20.29.24:297][  0]LogInit:      CURL_VERSION_ASYNCHDNS
[2016.02.24-20.29.24:297][  0]LogInit:      CURL_VERSION_LARGEFILE
[2016.02.24-20.29.24:297][  0]LogInit:      CURL_VERSION_IDN
[2016.02.24-20.29.24:297][  0]LogInit:  CurlRequestOptions (configurable via config and command line):
[2016.02.24-20.29.24:297][  0]LogInit:  - bVerifyPeer = true  - Libcurl will verify peer certificate
[2016.02.24-20.29.24:297][  0]LogInit:  - bUseHttpProxy = false  - Libcurl will NOT use HTTP proxy
[2016.02.24-20.29.24:297][  0]LogInit:  - bDontReuseConnections = false  - Libcurl will reuse connections
[2016.02.24-20.29.24:297][  0]LogInit:  - CertBundlePath = nullptr  - Libcurl will use whatever was configured at build time.
[2016.02.24-20.29.24:318][  0]LogInit: Presizing for 0 objects not considered by GC, pre-allocating 0 bytes.
[2016.02.24-20.29.24:333][  0]LogInit: Object subsystem initialized
[2016.02.24-20.29.24:335][  0]LogInit: Selected Device Profile: [Windows]
[2016.02.24-20.29.24:335][  0]LogInit: Applying CVar settings loaded from the selected device profile: [Windows]
[2016.02.24-20.29.24:367][  0]LogInit: Computer: NEON_BOLT_54
[2016.02.24-20.29.24:367][  0]LogInit: User: Eric
[2016.02.24-20.29.24:367][  0]LogInit: CPU Page size=4096, Cores=4
[2016.02.24-20.29.24:367][  0]LogInit: High frequency timer resolution =2.046952 MHz
[2016.02.24-20.29.24:367][  0]LogMemory: Memory total: Physical=7.2GB (8GB approx)
[2016.02.24-20.29.24:367][  0]LogMemory: Platform Memory Stats for Windows
[2016.02.24-20.29.24:367][  0]LogMemory: Process Physical Memory: 54.16 MB used, 54.16 MB peak
[2016.02.24-20.29.24:367][  0]LogMemory: Process Virtual Memory: 57.61 MB used, 57.61 MB peak
[2016.02.24-20.29.24:367][  0]LogMemory: Physical Memory: 4854.50 MB used, 7364.70 MB total
[2016.02.24-20.29.24:367][  0]LogMemory: Virtual Memory: 361.14 MB used, 134217728.00 MB total
[2016.02.24-20.29.24:436][  0]LogTextLocalizationManager: No specific translations for ('en-US') exist, so ('en') translations will be used.
[2016.02.24-20.29.26:100][  0]LogD3D11RHI: Found D3D11 adapter 0: AMD Radeon(TM) HD 8610G (Feature Level 11_0)
[2016.02.24-20.29.26:100][  0]LogD3D11RHI: Adapter has 749MB of dedicated video memory, 0MB of dedicated system memory, and 3456MB of shared system memory, 1 output[s]
[2016.02.24-20.29.26:103][  0]LogD3D11RHI: Found D3D11 adapter 1: Microsoft Basic Render Driver (Feature Level 11_0)
[2016.02.24-20.29.26:103][  0]LogD3D11RHI: Adapter has 0MB of dedicated video memory, 0MB of dedicated system memory, and 256MB of shared system memory, 0 output[s]
[2016.02.24-20.29.26:104][  0]LogD3D11RHI: Chosen D3D11 Adapter Id = 0
[2016.02.24-20.29.26:121][  0]LogD3D11RHI: !Direct3DDevice
[2016.02.24-20.29.26:122][  0]LogRHI: Texture pool is 524 MB (70% of 749 MB)
[2016.02.24-20.29.26:141][  0]LogD3D11RHI: Async texture creation disabled: no driver support
[2016.02.24-20.29.26:162][  0]LogShaderCompilers: Guid format shader working directory is -22 characters bigger than the processId version (../../../../../../Users/Eric/Documents/GitHub/Glass-Eyes/Glass_Eyes/Intermediate/Shaders/WorkingDirectory/6536/).
[2016.02.24-20.29.26:162][  0]LogShaderCompilers: Cleaned the shader compiler working directory 'C:/Users/Eric/AppData/Local/Temp/UnrealShaderWorkingDir/F4969594446FFECE40FA15ADF3A3C9AA/'.
[2016.02.24-20.29.26:162][  0]LogShaderCompilers:Display: Using Local Shader Compiler.
[2016.02.24-20.29.29:037][  0]LogTemp:Display: Loaded TP AllDesktopTargetPlatform
[2016.02.24-20.29.29:057][  0]LogTemp:Display: Loaded TP WindowsClientTargetPlatform
[2016.02.24-20.29.29:081][  0]LogTemp:Display: Loaded TP WindowsNoEditorTargetPlatform
[2016.02.24-20.29.29:096][  0]LogTemp:Display: Loaded TP WindowsServerTargetPlatform
[2016.02.24-20.29.29:112][  0]LogTemp:Display: Loaded TP WindowsTargetPlatform
[2016.02.24-20.29.29:122][  0]LogTemp:Display: Loaded TP AndroidTargetPlatform
[2016.02.24-20.29.29:134][  0]LogTemp:Display: Loaded TP Android_ASTCTargetPlatform
[2016.02.24-20.29.29:148][  0]LogTemp:Display: Loaded TP Android_ATCTargetPlatform
[2016.02.24-20.29.29:157][  0]LogTemp:Display: Loaded TP Android_DXTTargetPlatform
[2016.02.24-20.29.29:168][  0]LogTemp:Display: Loaded TP Android_ETC1TargetPlatform
[2016.02.24-20.29.29:178][  0]LogTemp:Display: Loaded TP Android_ETC2TargetPlatform
[2016.02.24-20.29.29:202][  0]LogTemp:Display: Loaded TP Android_MultiTargetPlatform
[2016.02.24-20.29.29:202][  0]LogTemp:Display: Loaded TP Android_PVRTCTargetPlatform
[2016.02.24-20.29.29:212][  0]LogTemp:Display: Loaded TP HTML5TargetPlatform
[2016.02.24-20.29.29:240][  0]LogTemp:Display: Loaded TP IOSTargetPlatform
[2016.02.24-20.29.29:248][  0]LogTemp:Display: Loaded TP LinuxNoEditorTargetPlatform
[2016.02.24-20.29.29:260][  0]LogTemp:Display: Loaded TP LinuxServerTargetPlatform
[2016.02.24-20.29.29:269][  0]LogTemp:Display: Loaded TP LinuxTargetPlatform
[2016.02.24-20.29.29:269][  0]LogTargetPlatformManager:Display: Building Assets For Windows
[2016.02.24-20.29.29:582][  0]LogDerivedDataCache:Display: Max Cache Size: 512 MB
[2016.02.24-20.29.29:762][  0]LogDerivedDataCache: Loaded boot cache 0.18s 41MB C:/Users/Eric/AppData/Local/UnrealEngine/4.10/DerivedDataCache/Boot.ddc.
[2016.02.24-20.29.29:763][  0]LogDerivedDataCache:Display: Loaded Boot cache: C:/Users/Eric/AppData/Local/UnrealEngine/4.10/DerivedDataCache/Boot.ddc
[2016.02.24-20.29.29:763][  0]LogDerivedDataCache: FDerivedDataBackendGraph:  Pak pak cache file ../../../../../../Users/Eric/Documents/GitHub/Glass-Eyes/Glass_Eyes/DerivedDataCache/DDC.ddp not found, will not use a pak cache.
[2016.02.24-20.29.29:763][  0]LogDerivedDataCache: Unable to find inner node Pak for hierarchical cache Hierarchy.
[2016.02.24-20.29.29:763][  0]LogDerivedDataCache: FDerivedDataBackendGraph:  CompressedPak pak cache file ../../../../../../Users/Eric/Documents/GitHub/Glass-Eyes/Glass_Eyes/DerivedDataCache/Compressed.ddp not found, will not use a pak cache.
[2016.02.24-20.29.29:763][  0]LogDerivedDataCache: Unable to find inner node CompressedPak for hierarchical cache Hierarchy.
[2016.02.24-20.29.29:960][  0]LogDerivedDataCache:Display: Pak cache opened for reading ../../../Engine/DerivedDataCache/Compressed.ddp.
[2016.02.24-20.29.29:983][  0]LogDerivedDataCache: Using Local data cache path C:/Users/Eric/AppData/Local/UnrealEngine/Common/DerivedDataCache: Writable
[2016.02.24-20.29.30:580][  0]LogInit: Selected Device Profile: [Windows]
[2016.02.24-20.29.30:586][  0]LogContentStreaming: Texture pool size is 0.000000MB
[2016.02.24-20.29.30:893][  0]LogMeshUtilities: No automatic mesh reduction module available
[2016.02.24-20.29.30:893][  0]LogMeshUtilities: No automatic mesh merging module available
[2016.02.24-20.29.31:631][  0]LogInit: WinSock: version 1.1 (2.2), MaxSocks=32767, MaxUdp=65467
[2016.02.24-20.29.33:965][  0]UdpMessaging: Initializing bridge on interface 0.0.0.0:0 to multicast group 230.0.0.1:6666.
[2016.02.24-20.29.34:197][  0]LogAssetRegistry: FAssetRegistry took 0.0114 seconds to start up
[2016.02.24-20.29.34:816][  0]SourceControl: Info Source control is disabled
[2016.02.24-20.29.34:827][  0]SourceControl: Info Source control is disabled
[2016.02.24-20.29.34:879][  0]SourceControl: Info Source control is disabled
[2016.02.24-20.29.34:938][  0]SourceControl: Info Source control is disabled
[2016.02.24-20.29.36:281][  0]LogObj: 28637 objects as part of root set at end of initial load.
[2016.02.24-20.29.36:281][  0]LogUObjectAllocator: 6101632 out of 0 bytes used by permanent object pool.
[2016.02.24-20.29.36:472][  0]LogEngine: Initializing Engine...
[2016.02.24-20.29.36:481][  0]LogHMD: Can't find Oculus library dev build: is proper Runtime installed? Version: 0.8.0.0
[2016.02.24-20.29.36:484][  0]LogHMD: SteamVR failed to initialize.  Err: 110
[2016.02.24-20.29.36:963][  0]LogAIModule: Creating AISystem for world NewWorld
[2016.02.24-20.29.36:978][  0]LogInit: XAudio2 using 'Speaker/HP (Realtek High Definition Audio)' : 2 channels at 48 kHz using 32 bits per sample (channel mask 0x3)
[2016.02.24-20.29.37:203][  0]LogInit: FAudioDevice initialized.
[2016.02.24-20.29.37:304][  0]LogDerivedDataCache: Saved boot cache 0.10s 41MB C:/Users/Eric/AppData/Local/UnrealEngine/4.10/DerivedDataCache/Boot.ddc.
[2016.02.24-20.29.37:334][  0]LogInit: Texture streaming: Enabled
[2016.02.24-20.29.37:364][  0]LogAnalytics: Creating configured Analytics provider AnalyticsET
[2016.02.24-20.29.37:365][  0]LogAnalytics: [UEEditor.Rocket.Release] APIServer = http://et2.epicgames.com/ET2/. AppVersion = 4.10.2-2818068+++depot+UE4-Releases+4.10
[2016.02.24-20.29.37:365][  0]LogAnalytics: [UEEditor.Rocket.Release] SetUserId 0a6b46464d0d31169e959d929e6fa3e9|24c06dece7b84051854062f7994677a4|41f97bea-08f5-47e9-a593-a868c93c43ca
[2016.02.24-20.29.37:365][  0]LogAnalytics: [UEEditor.Rocket.Release] AnalyticsET::StartSession
[2016.02.24-20.29.37:399][  0]LogInit: Transaction tracking system initialized
[2016.02.24-20.29.37:506][  0]BlueprintLog: New page: Editor Load
[2016.02.24-20.29.37:837][  0]LocalizationService: Info Localization service is disabled
[2016.02.24-20.29.38:117][  0]LogConsoleResponse:Display: 
[2016.02.24-20.29.38:459][  0]LogCook:Display: Done creating registry. It took  0.00s.
[2016.02.24-20.29.38:509][  0]LogFileCache: Scanning file cache for directory 'C:/Users/Eric/Documents/GitHub/Glass-Eyes/Glass_Eyes/Content/' took 0.02s
[2016.02.24-20.29.38:696][  0]SourceControl: Info Source control is disabled
[2016.02.24-20.29.38:696][  0]Cmd: MAP LOAD FILE="../../../Engine/Content/Maps/Templates/Template_Default.umap" TEMPLATE=1 SHOWPROGRESS=1 FEATURELEVEL=3
[2016.02.24-20.29.38:699][  0]LightingResults: New page: Lighting Build
[2016.02.24-20.29.38:709][  0]MapCheck: New page: Map Check
[2016.02.24-20.29.38:709][  0]LightingResults: New page: Lighting Build
[2016.02.24-20.29.38:743][  0]LogParticles: Destroying 0 GPU particle simulations for FXSystem 0x000000813D1C3B00
[2016.02.24-20.29.39:656][  0]LogAIModule: Creating AISystem for world Untitled_1
[2016.02.24-20.29.39:675][  0]LogEditorServer: Finished looking for orphan Actors (0.000 secs)
[2016.02.24-20.29.39:758][  0]Cmd: MAP CHECKDEP NOCLEARLOG
[2016.02.24-20.29.40:033][  0]MapCheck: Info Map check complete: 0 Error(s), 0 Warning(s), took 274.82ms to complete.
[2016.02.24-20.29.40:034][  0]LogFileHelpers: Loading map 'Template_Default' took 1.338
[2016.02.24-20.29.40:260][  0]LogCollectionManager: Loaded 0 collections in 0.006754 seconds
[2016.02.24-20.29.40:321][  0]LogFileCache: Scanning file cache for directory 'C:/Users/Eric/Documents/GitHub/Glass-Eyes/Glass_Eyes/Saved/Collections/' took 0.01s
[2016.02.24-20.29.40:321][  0]LogFileCache: Scanning file cache for directory 'C:/Users/Eric/Documents/GitHub/Glass-Eyes/Glass_Eyes/Content/Developers/Eric/Collections/' took 0.01s
[2016.02.24-20.29.40:321][  0]LogFileCache: Scanning file cache for directory 'C:/Users/Eric/Documents/GitHub/Glass-Eyes/Glass_Eyes/Content/Collections/' took 0.01s
[2016.02.24-20.29.40:321][  0]LogCollectionManager: Rebuilt the GUID cache for 0 collections in 0.000005 seconds
[2016.02.24-20.29.40:342][  0]LogContentBrowser: Native class hierarchy populated in 0.0212 seconds. Added 1894 classes and 339 folders.
[2016.02.24-20.29.40:372][  0]LogContentBrowser: Native class hierarchy updated for 'WidgetCarousel' in 0.0016 seconds. Added 0 classes and 0 folders.
[2016.02.24-20.29.40:580][  0]LogContentBrowser: Native class hierarchy updated for 'AddContentDialog' in 0.0010 seconds. Added 0 classes and 0 folders.
[2016.02.24-20.29.40:593][  0]LogContentBrowser: Native class hierarchy updated for 'SceneOutliner' in 0.0010 seconds. Added 1 classes and 2 folders.
[2016.02.24-20.29.40:649][  0]LogCrashTracker: Crashtracker disabled due to settings.
[2016.02.24-20.29.40:673][  0]LogUObjectGlobals:Warning: Failed to find object 'Class None.'
[2016.02.24-20.29.40:700][  0]LogLoad: Full Startup: 19.45 seconds (BP compile: 0.13 seconds)
[2016.02.24-20.29.40:712][  0]LogWindowsTextInputMethodSystem:Display: IME system now deactivated.
[2016.02.24-20.29.40:712][  0]LogWindowsTextInputMethodSystem:Display: IME system now deactivated.
[2016.02.24-20.29.40:720][  0]LogOcInput: Can't find Oculus library dev build: is proper Runtime installed? Version: 0.8.0.0
[2016.02.24-20.29.40:882][  0]LogContentStreaming: Texture pool size now 1000 MB
[2016.02.24-20.29.41:175][  0]LogRenderer: Reallocating scene render targets to support 740x480 (Frame:2).
[2016.02.24-20.29.42:152][  5]LogAssetRegistry: Asset discovery search completed in 7.9669 seconds
[2016.02.24-20.29.42:152][  5]LogCollectionManager: Rebuilt the object cache for 0 collections in 0.000006 seconds (found 0 objects)
[2016.02.24-20.29.42:153][  5]LogCollectionManager: Fixed up redirectors for 0 collections in 0.000119 seconds (updated 0 objects)
[2016.02.24-20.29.46:417][ 48]LogTexture:Display: Building textures: Player_Idle1 (AutoDXT)
[2016.02.24-20.29.48:848][ 48]LogTexture:Display: Building textures: Player_Idle0 (AutoDXT)
[2016.02.24-20.29.51:187][ 48]LogLinker:Warning: Asset '../../../Engine/Content/ArtTools/RenderToTexture/Macros/RenderToTextureMacros.uasset' has been saved with empty engine version. The asset will be loaded but may be incompatible.
[2016.02.24-20.29.52:395][ 48]LogContentBrowser: Native class hierarchy updated for 'BlueprintGraph' in 0.0032 seconds. Added 107 classes and 0 folders.
[2016.02.24-20.39.41:441][460]LogFileHelpers: Editor autosave (incl. sublevels) for '/Temp/Untitled_1' took 0.107
[2016.02.24-20.39.41:456][460]OBJ SavePackage: Generating thumbnails for [0] asset(s) in package [/Game/MyContent/Blueprints/PaperCharacter_Player] ([1] browsable assets)...
[2016.02.24-20.39.41:456][460]OBJ SavePackage: Finished generating thumbnails for package [/Game/MyContent/Blueprints/PaperCharacter_Player]
[2016.02.24-20.39.41:981][460]LogSavePackage: Save=446.685608ms
[2016.02.24-20.39.41:981][460]LogSavePackage: Moving '../../../../../../Users/Eric/Documents/GitHub/Glass-Eyes/Glass_Eyes/Saved/PaperCharacter_Player_Auto12BF8891A4826BD2FE971298827E2B09D.tmp' to '../../../../../../Users/Eric/Documents/GitHub/Glass-Eyes/Glass_Eyes/Saved/Autosaves/Game/MyContent/Blueprints/PaperCharacter_Player_Auto1.uasset'
[2016.02.24-20.39.42:009][460]LogSavePackage: Total save time: 532.109205ms
[2016.02.24-20.39.42:009][460]LogSavePackage:Display: Finished SavePackage ../../../../../../Users/Eric/Documents/GitHub/Glass-Eyes/Glass_Eyes/Saved/Autosaves/Game/MyContent/Blueprints/PaperCharacter_Player_Auto1.uasset
[2016.02.24-20.39.42:009][460]LogFileHelpers: Auto-saving content packages took 0.565
[2016.02.24-20.44.42:923][451]LogD3D11RHI: Timed out while waiting for GPU to catch up. (0.5 s)
[2016.02.24-20.46.51:059][845]LogParticles: Destroying 0 GPU particle simulations for FXSystem 0x000000812D3C8F40
[2016.02.24-20.48.20:694][845]LogSavePackage: Save=397.365936ms
[2016.02.24-20.48.20:694][845]LogSavePackage: Moving '../../../../../../Users/Eric/Documents/GitHub/Glass-Eyes/Glass_Eyes/Saved/PaperCharacter_Player2F1C4C984F91559B0F8FD7BF50B5C3AE.tmp' to '../../../../../../Users/Eric/Documents/GitHub/Glass-Eyes/Glass_Eyes/Content/MyContent/Blueprints/PaperCharacter_Player.uasset'
[2016.02.24-20.48.20:722][845]LogSavePackage: Total save time: 445.367064ms
[2016.02.24-20.48.20:722][845]LogSavePackage:Display: Finished SavePackage ../../../../../../Users/Eric/Documents/GitHub/Glass-Eyes/Glass_Eyes/Content/MyContent/Blueprints/PaperCharacter_Player.uasset
[2016.02.24-20.48.20:925][845]LogWindowsTextInputMethodSystem:Display: IME system now deactivated.
[2016.02.24-20.48.20:926][845]LogWindowsTextInputMethodSystem:Display: IME system now deactivated.
[2016.02.24-20.48.21:373][846]Cmd: QUIT_EDITOR
[2016.02.24-20.48.21:978][846]LogExit: Preparing to exit.
[2016.02.24-20.48.23:591][846]LogExit: Editor shut down
[2016.02.24-20.48.23:595][846]LogExit: Transaction tracking system shut down
[2016.02.24-20.48.23:603][846]LogParticles: Destroying 0 GPU particle simulations for FXSystem 0x000000812D270680
[2016.02.24-20.48.23:605][846]LogParticles: Destroying 0 GPU particle simulations for FXSystem 0x0000008141663880
[2016.02.24-20.48.23:608][846]LogParticles: Destroying 0 GPU particle simulations for FXSystem 0x0000008141AB4220
[2016.02.24-20.48.24:347][846]LogExit: Object subsystem successfully closed.
[2016.02.24-20.48.24:374][846]LogD3D11RHI: Shutdown
[2016.02.24-20.48.24:374][846]LogD3D11RHI: CleanupD3DDevice
[2016.02.24-20.48.24:495][846]LogD3D11RHI: ~FD3D11DynamicRHI
[2016.02.24-20.48.24:559][846]LogModuleManager: Shutting down and abandoning module CookingStats (201)
[2016.02.24-20.48.24:559][846]LogModuleManager: Shutting down and abandoning module BlueprintGraph (200)
[2016.02.24-20.48.24:559][846]LogModuleManager: Shutting down and abandoning module CrashTracker (199)
[2016.02.24-20.48.24:559][846]LogModuleManager: Shutting down and abandoning module SceneOutliner (198)
[2016.02.24-20.48.24:559][846]LogModuleManager: Shutting down and abandoning module SuperSearch (197)
[2016.02.24-20.48.24:559][846]LogModuleManager: Shutting down and abandoning module WidgetCarousel (196)
[2016.02.24-20.48.24:559][846]LogModuleManager: Shutting down and abandoning module AddContentDialog (195)
[2016.02.24-20.48.24:567][846]LogModuleManager: Shutting down and abandoning module EditorWidgets (194)
[2016.02.24-20.48.24:567][846]LogModuleManager: Shutting down and abandoning module CollectionManager (193)
[2016.02.24-20.48.24:568][846]LogModuleManager: Shutting down and abandoning module StatsViewer (192)
[2016.02.24-20.48.24:568][846]LogModuleManager: Shutting down and abandoning module FoliageEdit (191)
[2016.02.24-20.48.24:568][846]LogModuleManager: Shutting down and abandoning module LandscapeEditor (190)
[2016.02.24-20.48.24:568][846]LogModuleManager: Shutting down and abandoning module ActorPickerMode (189)
[2016.02.24-20.48.24:568][846]LogModuleManager: Shutting down and abandoning module GeometryMode (188)
[2016.02.24-20.48.24:568][846]LogModuleManager: Shutting down and abandoning module TextureAlignMode (187)
[2016.02.24-20.48.24:568][846]LogModuleManager: Shutting down and abandoning module BspMode (186)
[2016.02.24-20.48.24:568][846]LogModuleManager: Shutting down and abandoning module PlacementMode (185)
[2016.02.24-20.48.24:568][846]LogModuleManager: Shutting down and abandoning module AutomationWorker (184)
[2016.02.24-20.48.24:568][846]LogModuleManager: Shutting down and abandoning module CharacterAI (183)
[2016.02.24-20.48.24:568][846]LogModuleManager: Shutting down and abandoning module SmartSnapping (182)
[2016.02.24-20.48.24:568][846]LogModuleManager: Shutting down and abandoning module ViewportSnapping (181)
[2016.02.24-20.48.24:568][846]LogModuleManager: Shutting down and abandoning module LogVisualizer (180)
[2016.02.24-20.48.24:569][846]LogModuleManager: Shutting down and abandoning module GameProjectGeneration (179)
[2016.02.24-20.48.24:569][846]LogModuleManager: Shutting down and abandoning module IntroTutorials (178)
[2016.02.24-20.48.24:569][846]LogModuleManager: Shutting down and abandoning module EditorLiveStreaming (177)
[2016.02.24-20.48.24:569][846]LogModuleManager: Shutting down and abandoning module IOSPlatformEditor (176)
[2016.02.24-20.48.24:569][846]LogModuleManager: Shutting down and abandoning module HTML5PlatformEditor (175)
[2016.02.24-20.48.24:569][846]LogModuleManager: Shutting down and abandoning module AndroidDeviceDetection (174)
[2016.02.24-20.48.25:396][846]LogModuleManager: Shutting down and abandoning module AndroidPlatformEditor (173)
[2016.02.24-20.48.25:396][846]LogModuleManager: Shutting down and abandoning module IOSRuntimeSettings (172)
[2016.02.24-20.48.25:396][846]LogModuleManager: Shutting down and abandoning module AndroidRuntimeSettings (171)
[2016.02.24-20.48.25:396][846]LogModuleManager: Shutting down and abandoning module MergeActors (170)
[2016.02.24-20.48.25:396][846]LogModuleManager: Shutting down and abandoning module SizeMap (169)
[2016.02.24-20.48.25:397][846]LogModuleManager: Shutting down and abandoning module TreeMap (168)
[2016.02.24-20.48.25:397][846]LogModuleManager: Shutting down and abandoning module ReferenceViewer (167)
[2016.02.24-20.48.25:397][846]LogModuleManager: Shutting down and abandoning module LocalizationService (166)
[2016.02.24-20.48.25:397][846]LogModuleManager: Shutting down and abandoning module LocalizationDashboard (165)
[2016.02.24-20.48.25:397][846]LogModuleManager: Shutting down and abandoning module HardwareTargeting (164)
[2016.02.24-20.48.25:397][846]LogModuleManager: Shutting down and abandoning module DeviceProfileEditor (163)
[2016.02.24-20.48.25:397][846]LogModuleManager: Shutting down and abandoning module UndoHistory (162)
[2016.02.24-20.48.25:397][846]LogModuleManager: Shutting down and abandoning module GameplayTagsEditor (161)
[2016.02.24-20.48.25:397][846]LogModuleManager: Shutting down and abandoning module UserFeedback (160)
[2016.02.24-20.48.25:397][846]LogModuleManager: Shutting down and abandoning module XmlParser (159)
[2016.02.24-20.48.25:397][846]LogModuleManager: Shutting down and abandoning module Blutility (158)
[2016.02.24-20.48.25:397][846]LogModuleManager: Shutting down and abandoning module ProjectTargetPlatformEditor (157)
[2016.02.24-20.48.25:398][846]LogModuleManager: Shutting down and abandoning module ProjectSettingsViewer (156)
[2016.02.24-20.48.25:398][846]LogModuleManager: Shutting down and abandoning module InputBindingEditor (155)
[2016.02.24-20.48.25:398][846]LogModuleManager: Shutting down and abandoning module EditorSettingsViewer (154)
[2016.02.24-20.48.25:399][846]LogModuleManager: Shutting down and abandoning module SettingsEditor (153)
[2016.02.24-20.48.25:399][846]LogModuleManager: Shutting down and abandoning module ProjectLauncher (152)
[2016.02.24-20.48.25:399][846]LogModuleManager: Shutting down and abandoning module SessionFrontend (151)
[2016.02.24-20.48.25:399][846]LogModuleManager: Shutting down and abandoning module ProfilerClient (150)
[2016.02.24-20.48.25:399][846]LogModuleManager: Shutting down and abandoning module TargetDeviceServices (149)
[2016.02.24-20.48.25:399][846]LogModuleManager: Shutting down and abandoning module DeviceManager (148)
[2016.02.24-20.48.25:399][846]LogModuleManager: Shutting down and abandoning module AutomationController (147)
[2016.02.24-20.48.25:399][846]LogModuleManager: Shutting down and abandoning module AutomationWindow (146)
[2016.02.24-20.48.25:399][846]LogModuleManager: Shutting down and abandoning module Layers (145)
[2016.02.24-20.48.25:400][846]LogModuleManager: Shutting down and abandoning module ComponentVisualizers (144)
[2016.02.24-20.48.25:400][846]LogModuleManager: Shutting down and abandoning module DetailCustomizations (143)
[2016.02.24-20.48.25:400][846]LogModuleManager: Shutting down and abandoning module PackagesDialog (142)
[2016.02.24-20.48.25:400][846]LogModuleManager: Shutting down and abandoning module Persona (141)
[2016.02.24-20.48.25:400][846]LogModuleManager: Shutting down and abandoning module Kismet (140)
[2016.02.24-20.48.25:401][846]LogModuleManager: Shutting down and abandoning module GraphEditor (139)
[2016.02.24-20.48.25:401][846]LogModuleManager: Shutting down and abandoning module ClassViewer (138)
[2016.02.24-20.48.25:406][846]LogModuleManager: Shutting down and abandoning module Toolbox (137)
[2016.02.24-20.48.25:406][846]LogModuleManager: Shutting down and abandoning module ModuleUI (136)
[2016.02.24-20.48.25:406][846]LogModuleManager: Shutting down and abandoning module MovieSceneTools (135)
[2016.02.24-20.48.25:407][846]LogModuleManager: Shutting down and abandoning module OutputLog (134)
[2016.02.24-20.48.25:407][846]LogModuleManager: Shutting down and abandoning module GammaUI (133)
[2016.02.24-20.48.25:407][846]LogModuleManager: Shutting down and abandoning module Documentation (132)
[2016.02.24-20.48.25:407][846]LogModuleManager: Shutting down and abandoning module GameLiveStreaming (131)
[2016.02.24-20.48.25:407][846]LogModuleManager: Shutting down and abandoning module StreamingPauseRendering (130)
[2016.02.24-20.48.25:407][846]LogModuleManager: Shutting down and abandoning module AnalyticsET (129)
[2016.02.24-20.48.25:407][846]LogModuleManager: Shutting down and abandoning module Analytics (128)
[2016.02.24-20.48.25:407][846]LogModuleManager: Shutting down and abandoning module AITestSuite (127)
[2016.02.24-20.48.25:407][846]LogModuleManager: Shutting down and abandoning module GameplayDebugger (126)
[2016.02.24-20.48.25:407][846]LogModuleManager: Shutting down and abandoning module AIModule (125)
[2016.02.24-20.48.25:408][846]LogModuleManager: Shutting down and abandoning module ProfilerService (124)
[2016.02.24-20.48.25:576][846]LogModuleManager: Shutting down and abandoning module TaskGraph (123)
[2016.02.24-20.48.25:576][846]LogModuleManager: Shutting down and abandoning module SlateRemote (122)
[2016.02.24-20.48.25:576][846]LogModuleManager: Shutting down and abandoning module SteamVRController (121)
[2016.02.24-20.48.25:576][846]LogModuleManager: Shutting down and abandoning module SteamVR (120)
[2016.02.24-20.48.25:576][846]LogModuleManager: Shutting down and abandoning module ProceduralMeshComponent (119)
[2016.02.24-20.48.25:577][846]LogModuleManager: Shutting down and abandoning module OculusLibrary (118)
[2016.02.24-20.48.25:577][846]LogModuleManager: Shutting down and abandoning module OculusInput (117)
[2016.02.24-20.48.25:577][846]LogModuleManager: Shutting down and abandoning module LeapMotionController (116)
[2016.02.24-20.48.25:641][846]LogModuleManager: Shutting down and abandoning module CustomMeshComponent (115)
[2016.02.24-20.48.25:641][846]LogModuleManager: Shutting down and abandoning module CableComponent (114)
[2016.02.24-20.48.25:641][846]LogModuleManager: Shutting down and abandoning module ArchVisCharacter (113)
[2016.02.24-20.48.25:641][846]LogModuleManager: Shutting down and abandoning module MessagingDebugger (112)
[2016.02.24-20.48.25:641][846]LogModuleManager: Shutting down and abandoning module MediaPlayerEditor (111)
[2016.02.24-20.48.25:641][846]LogModuleManager: Shutting down and abandoning module HTML5Networking (110)
[2016.02.24-20.48.25:641][846]LogModuleManager: Shutting down and abandoning module SpeedTreeImporter (109)
[2016.02.24-20.48.25:641][846]LogModuleManager: Shutting down and abandoning module PluginBrowser (108)
[2016.02.24-20.48.25:642][846]LogModuleManager: Shutting down and abandoning module EpicSurvey (107)
[2016.02.24-20.48.25:642][846]LogModuleManager: Shutting down and abandoning module DesktopPlatform (106)
[2016.02.24-20.48.25:642][846]LogModuleManager: Shutting down and abandoning module VisualStudioSourceCodeAccess (105)
[2016.02.24-20.48.25:642][846]LogModuleManager: Shutting down and abandoning module UObjectPlugin (104)
[2016.02.24-20.48.25:642][846]LogModuleManager: Shutting down and abandoning module SubversionSourceControl (103)
[2016.02.24-20.48.25:642][846]LogModuleManager: Shutting down and abandoning module PerforceSourceControl (102)
[2016.02.24-20.48.25:642][846]LogModuleManager: Shutting down and abandoning module SourceControl (101)
[2016.02.24-20.48.25:642][846]LogModuleManager: Shutting down and abandoning module GitSourceControl (100)
[2016.02.24-20.48.25:642][846]LogModuleManager: Shutting down and abandoning module LightPropagationVolumeEditor (99)
[2016.02.24-20.48.25:642][846]LogModuleManager: Shutting down and abandoning module PaperTiledImporter (98)
[2016.02.24-20.48.25:643][846]LogModuleManager: Shutting down and abandoning module PaperSpriteSheetImporter (97)
[2016.02.24-20.48.25:643][846]LogModuleManager: Shutting down and abandoning module MeshPaint (96)
[2016.02.24-20.48.25:643][846]LogModuleManager: Shutting down and abandoning module SlateReflector (95)
[2016.02.24-20.48.25:643][846]LogModuleManager: Shutting down and abandoning module HotReload (94)
[2016.02.24-20.48.25:644][846]LogModuleManager: Shutting down and abandoning module MainFrame (93)
[2016.02.24-20.48.25:644][846]LogModuleManager: Shutting down and abandoning module LevelEditor (92)
[2016.02.24-20.48.25:648][846]LogModuleManager: Shutting down and abandoning module DirectoryWatcher (91)
[2016.02.24-20.48.25:663][846]LogModuleManager: Shutting down and abandoning module AssetRegistry (90)
[2016.02.24-20.48.25:862][846]LogModuleManager: Shutting down and abandoning module ContentBrowser (89)
[2016.02.24-20.48.25:865][846]LogModuleManager: Shutting down and abandoning module Paper2DEditor (88)
[2016.02.24-20.48.25:865][846]LogModuleManager: Shutting down and abandoning module HowTo_PlayerInput (87)
[2016.02.24-20.48.25:865][846]LogModuleManager: Shutting down and abandoning module UdpMessaging (86)
[2016.02.24-20.48.25:966][846]LogModuleManager: Shutting down and abandoning module LightPropagationVolumeRuntime (85)
[2016.02.24-20.48.25:966][846]LogModuleManager: Shutting down and abandoning module Paper2D (84)
[2016.02.24-20.48.25:966][846]LogModuleManager: Shutting down and abandoning module WindowsMoviePlayer (83)
[2016.02.24-20.48.25:974][846]LogModuleManager: Shutting down and abandoning module Media (82)
[2016.02.24-20.48.25:974][846]LogModuleManager: Shutting down and abandoning module WmfMedia (81)
[2016.02.24-20.48.25:974][846]LogModuleManager: Shutting down and abandoning module OnlineBlueprintSupport (80)
[2016.02.24-20.48.25:974][846]LogModuleManager: Shutting down and abandoning module GameplayTasksEditor (79)
[2016.02.24-20.48.25:974][846]LogModuleManager: Shutting down and abandoning module PropertyEditor (78)
[2016.02.24-20.48.25:974][846]LogModuleManager: Shutting down and abandoning module BehaviorTreeEditor (77)
[2016.02.24-20.48.25:974][846]LogModuleManager: Shutting down and abandoning module FunctionalTesting (76)
[2016.02.24-20.48.25:974][846]LogModuleManager: Shutting down and abandoning module CollisionAnalyzer (75)
[2016.02.24-20.48.25:975][846]LogModuleManager: Shutting down and abandoning module WorkspaceMenuStructure (74)
[2016.02.24-20.48.25:975][846]LogModuleManager: Shutting down and abandoning module MessageLog (73)
[2016.02.24-20.48.25:975][846]LogModuleManager: Shutting down and abandoning module Sequencer (72)
[2016.02.24-20.48.25:975][846]LogModuleManager: Shutting down and abandoning module AssetTools (71)
[2016.02.24-20.48.25:975][846]LogModuleManager: Shutting down and abandoning module UMGEditor (70)
[2016.02.24-20.48.25:975][846]LogModuleManager: Shutting down and abandoning module UMG (69)
[2016.02.24-20.48.25:975][846]LogModuleManager: Shutting down and abandoning module Slate (68)
[2016.02.24-20.48.25:975][846]LogModuleManager: Shutting down and abandoning module EditorStyle (67)
[2016.02.24-20.48.25:984][846]LogModuleManager: Shutting down and abandoning module SessionServices (66)
[2016.02.24-20.48.25:984][846]LogModuleManager: Shutting down and abandoning module SourceCodeAccess (65)
[2016.02.24-20.48.25:985][846]LogModuleManager: Shutting down and abandoning module HeadMountedDisplay (64)
[2016.02.24-20.48.25:985][846]LogModuleManager: Shutting down and abandoning module XAudio2 (63)
[2016.02.24-20.48.25:985][846]LogModuleManager: Shutting down and abandoning module Networking (61)
[2016.02.24-20.48.25:985][846]LogModuleManager: Shutting down and abandoning module Core (60)
[2016.02.24-20.48.25:985][846]LogModuleManager: Shutting down and abandoning module KismetCompiler (59)
[2016.02.24-20.48.25:985][846]LogModuleManager: Shutting down and abandoning module PhysXFormats (58)
[2016.02.24-20.48.25:985][846]LogModuleManager: Shutting down and abandoning module MeshUtilities (57)
[2016.02.24-20.48.25:985][846]LogModuleManager: Shutting down and abandoning module DerivedDataCache (56)
[2016.02.24-20.48.26:032][846]LogDerivedDataCache: Shutdown
[2016.02.24-20.48.26:032][846]LogModuleManager: Shutting down and abandoning module ShaderFormatOpenGL (55)
[2016.02.24-20.48.26:032][846]LogModuleManager: Shutting down and abandoning module ShaderFormatD3D (54)
[2016.02.24-20.48.26:032][846]LogModuleManager: Shutting down and abandoning module MetalShaderFormat (53)
[2016.02.24-20.48.26:032][846]LogModuleManager: Shutting down and abandoning module TextureFormatUncompressed (52)
[2016.02.24-20.48.26:033][846]LogModuleManager: Shutting down and abandoning module TextureFormatPVR (51)
[2016.02.24-20.48.26:033][846]LogModuleManager: Shutting down and abandoning module TextureFormatIntelISPCTexComp (50)
[2016.02.24-20.48.26:033][846]LogModuleManager: Shutting down and abandoning module TextureFormatDXT (49)
[2016.02.24-20.48.26:033][846]LogModuleManager: Shutting down and abandoning module ImageWrapper (48)
[2016.02.24-20.48.26:033][846]LogModuleManager: Shutting down and abandoning module TextureFormatASTC (47)
[2016.02.24-20.48.26:033][846]LogModuleManager: Shutting down and abandoning module TextureFormatAndroid (46)
[2016.02.24-20.48.26:033][846]LogModuleManager: Shutting down and abandoning module AudioFormatOpus (45)
[2016.02.24-20.48.26:033][846]LogModuleManager: Shutting down and abandoning module AudioFormatOgg (44)
[2016.02.24-20.48.26:033][846]LogModuleManager: Shutting down and abandoning module AudioFormatADPCM (43)
[2016.02.24-20.48.26:033][846]LogModuleManager: Shutting down and abandoning module LinuxTargetPlatform (42)
[2016.02.24-20.48.26:033][846]LogModuleManager: Shutting down and abandoning module LinuxServerTargetPlatform (41)
[2016.02.24-20.48.26:033][846]LogModuleManager: Shutting down and abandoning module LinuxNoEditorTargetPlatform (40)
[2016.02.24-20.48.26:033][846]LogModuleManager: Shutting down and abandoning module Messaging (39)
[2016.02.24-20.48.26:033][846]LogModuleManager: Shutting down and abandoning module IOSTargetPlatform (38)
[2016.02.24-20.48.26:033][846]LogModuleManager: Shutting down and abandoning module HTML5TargetPlatform (37)
[2016.02.24-20.48.26:033][846]LogModuleManager: Shutting down and abandoning module Android_PVRTCTargetPlatform (36)
[2016.02.24-20.48.26:033][846]LogModuleManager: Shutting down and abandoning module Android_MultiTargetPlatform (35)
[2016.02.24-20.48.26:033][846]LogModuleManager: Shutting down and abandoning module Android_ETC2TargetPlatform (34)
[2016.02.24-20.48.26:033][846]LogModuleManager: Shutting down and abandoning module Android_ETC1TargetPlatform (33)
[2016.02.24-20.48.26:033][846]LogModuleManager: Shutting down and abandoning module Android_DXTTargetPlatform (32)
[2016.02.24-20.48.26:033][846]LogModuleManager: Shutting down and abandoning module Android_ATCTargetPlatform (31)
[2016.02.24-20.48.26:033][846]LogModuleManager: Shutting down and abandoning module Android_ASTCTargetPlatform (30)
[2016.02.24-20.48.26:033][846]LogModuleManager: Shutting down and abandoning module AndroidTargetPlatform (29)
[2016.02.24-20.48.26:033][846]LogModuleManager: Shutting down and abandoning module WindowsTargetPlatform (28)
[2016.02.24-20.48.26:034][846]LogModuleManager: Shutting down and abandoning module WindowsServerTargetPlatform (27)
[2016.02.24-20.48.26:034][846]LogModuleManager: Shutting down and abandoning module WindowsNoEditorTargetPlatform (26)
[2016.02.24-20.48.26:034][846]LogModuleManager: Shutting down and abandoning module WindowsClientTargetPlatform (25)
[2016.02.24-20.48.26:034][846]LogModuleManager: Shutting down and abandoning module AllDesktopTargetPlatform (24)
[2016.02.24-20.48.26:034][846]LogModuleManager: Shutting down and abandoning module TargetPlatform (23)
[2016.02.24-20.48.26:034][846]LogModuleManager: Shutting down and abandoning module InputCore (22)
[2016.02.24-20.48.26:034][846]LogModuleManager: Shutting down and abandoning module Settings (21)
[2016.02.24-20.48.26:034][846]LogModuleManager: Shutting down and abandoning module OnlineSubsystem (19)
[2016.02.24-20.48.26:034][846]LogModuleManager: Shutting down and abandoning module HTTP (18)
[2016.02.24-20.48.26:538][846]LogModuleManager: Shutting down and abandoning module XMPP (17)
[2016.02.24-20.48.26:538][846]LogModuleManager: Shutting down and abandoning module OculusRift (16)
[2016.02.24-20.48.26:538][846]LogModuleManager: Shutting down and abandoning module ExampleDeviceProfileSelector (15)
[2016.02.24-20.48.26:538][846]LogModuleManager: Shutting down and abandoning module TextureCompressor (14)
[2016.02.24-20.48.26:538][846]LogModuleManager: Shutting down and abandoning module ShaderCore (13)
[2016.02.24-20.48.26:538][846]LogModuleManager: Shutting down and abandoning module Landscape (12)
[2016.02.24-20.48.26:538][846]LogModuleManager: Shutting down and abandoning module SlateRHIRenderer (11)
[2016.02.24-20.48.26:555][846]LogModuleManager: Shutting down and abandoning module OpenGLDrv (10)
[2016.02.24-20.48.26:555][846]LogModuleManager: Shutting down and abandoning module D3D11RHI (9)
[2016.02.24-20.48.26:555][846]LogModuleManager: Shutting down and abandoning module AnimGraphRuntime (8)
[2016.02.24-20.48.26:555][846]LogModuleManager: Shutting down and abandoning module Renderer (7)
[2016.02.24-20.48.26:555][846]LogModuleManager: Shutting down and abandoning module Engine (6)
[2016.02.24-20.48.26:555][846]LogModuleManager: Shutting down and abandoning module CoreUObject (5)
[2016.02.24-20.48.26:556][846]LogModuleManager: Shutting down and abandoning module NetworkFile (4)
[2016.02.24-20.48.26:556][846]LogModuleManager: Shutting down and abandoning module StreamingFile (3)
[2016.02.24-20.48.26:556][846]LogModuleManager: Shutting down and abandoning module SandboxFile (2)
[2016.02.24-20.48.26:556][846]LogModuleManager: Shutting down and abandoning module PakFile (1)
[2016.02.24-20.48.26:559][846]LogExit: Exiting.
[2016.02.24-20.48.26:563][846]Log file closed, 02/24/16 15:48:26
