[2016.02.25-00.28.34:083][  0]Log file open, 02/24/16 19:28:34
[2016.02.25-00.28.34:083][  0]LogInit:Display: Running engine for game: Glass_Eyes
[2016.02.25-00.28.34:083][  0]LogPlatformFile: Not using cached read wrapper
[2016.02.25-00.28.34:083][  0]LogInit:Display: RandInit(-1811147954) SRandInit(-1811147952).
[2016.02.25-00.28.34:083][  0]LogTaskGraph: Started task graph with 4 named threads and 7 total threads.
[2016.02.25-00.28.34:084][  0]LogStats: Stats thread started at 0.195313
[2016.02.25-00.28.34:084][  0]LogInit: Version: 4.10.2-2818068+++depot+UE4-Releases+4.10
[2016.02.25-00.28.34:084][  0]LogInit: API Version: 2758231
[2016.02.25-00.28.34:084][  0]LogInit: Compiled (64-bit): Jan  6 2016 17:36:42
[2016.02.25-00.28.34:084][  0]LogInit: Compiled with Visual C++: 19.00.23026.00
[2016.02.25-00.28.34:084][  0]LogInit: Build Configuration: Development
[2016.02.25-00.28.34:084][  0]LogInit: Branch Name: ++depot+UE4-Releases+4.10
[2016.02.25-00.28.34:084][  0]LogInit: Command line: 
[2016.02.25-00.28.34:084][  0]LogInit: Base directory: C:/Program Files (x86)/Epic Games/4.10/Engine/Binaries/Win64/
[2016.02.25-00.28.34:084][  0]LogInit: Rocket: 1
[2016.02.25-00.28.34:126][  0]LogInit: Using libcurl 7.41.0
[2016.02.25-00.28.34:126][  0]LogInit:  - built for x86_64-pc-win32
[2016.02.25-00.28.34:126][  0]LogInit:  - supports SSL with WinSSL
[2016.02.25-00.28.34:126][  0]LogInit:  - other features:
[2016.02.25-00.28.34:126][  0]LogInit:      CURL_VERSION_SSL
[2016.02.25-00.28.34:127][  0]LogInit:      CURL_VERSION_IPV6
[2016.02.25-00.28.34:127][  0]LogInit:      CURL_VERSION_ASYNCHDNS
[2016.02.25-00.28.34:127][  0]LogInit:      CURL_VERSION_LARGEFILE
[2016.02.25-00.28.34:127][  0]LogInit:      CURL_VERSION_IDN
[2016.02.25-00.28.34:127][  0]LogInit:  CurlRequestOptions (configurable via config and command line):
[2016.02.25-00.28.34:127][  0]LogInit:  - bVerifyPeer = true  - Libcurl will verify peer certificate
[2016.02.25-00.28.34:127][  0]LogInit:  - bUseHttpProxy = false  - Libcurl will NOT use HTTP proxy
[2016.02.25-00.28.34:127][  0]LogInit:  - bDontReuseConnections = false  - Libcurl will reuse connections
[2016.02.25-00.28.34:127][  0]LogInit:  - CertBundlePath = nullptr  - Libcurl will use whatever was configured at build time.
[2016.02.25-00.28.34:172][  0]LogInit: Presizing for 0 objects not considered by GC, pre-allocating 0 bytes.
[2016.02.25-00.28.34:210][  0]LogInit: Object subsystem initialized
[2016.02.25-00.28.34:215][  0]LogInit: Selected Device Profile: [Windows]
[2016.02.25-00.28.34:215][  0]LogInit: Applying CVar settings loaded from the selected device profile: [Windows]
[2016.02.25-00.28.34:259][  0]LogInit: Computer: NEON_BOLT_54
[2016.02.25-00.28.34:259][  0]LogInit: User: Eric
[2016.02.25-00.28.34:259][  0]LogInit: CPU Page size=4096, Cores=4
[2016.02.25-00.28.34:259][  0]LogInit: High frequency timer resolution =2.046952 MHz
[2016.02.25-00.28.34:259][  0]LogMemory: Memory total: Physical=7.2GB (8GB approx)
[2016.02.25-00.28.34:260][  0]LogMemory: Platform Memory Stats for Windows
[2016.02.25-00.28.34:260][  0]LogMemory: Process Physical Memory: 54.30 MB used, 54.30 MB peak
[2016.02.25-00.28.34:260][  0]LogMemory: Process Virtual Memory: 56.69 MB used, 56.69 MB peak
[2016.02.25-00.28.34:260][  0]LogMemory: Physical Memory: 5705.70 MB used, 7364.70 MB total
[2016.02.25-00.28.34:260][  0]LogMemory: Virtual Memory: 360.21 MB used, 134217728.00 MB total
[2016.02.25-00.28.34:401][  0]LogTextLocalizationManager: No specific translations for ('en-US') exist, so ('en') translations will be used.
[2016.02.25-00.28.36:637][  0]LogD3D11RHI: Found D3D11 adapter 0: AMD Radeon(TM) HD 8610G (Feature Level 11_0)
[2016.02.25-00.28.36:637][  0]LogD3D11RHI: Adapter has 749MB of dedicated video memory, 0MB of dedicated system memory, and 3456MB of shared system memory, 1 output[s]
[2016.02.25-00.28.36:641][  0]LogD3D11RHI: Found D3D11 adapter 1: Microsoft Basic Render Driver (Feature Level 11_0)
[2016.02.25-00.28.36:641][  0]LogD3D11RHI: Adapter has 0MB of dedicated video memory, 0MB of dedicated system memory, and 256MB of shared system memory, 0 output[s]
[2016.02.25-00.28.36:642][  0]LogD3D11RHI: Chosen D3D11 Adapter Id = 0
[2016.02.25-00.28.36:659][  0]LogD3D11RHI: !Direct3DDevice
[2016.02.25-00.28.36:659][  0]LogRHI: Texture pool is 524 MB (70% of 749 MB)
[2016.02.25-00.28.36:680][  0]LogD3D11RHI: Async texture creation disabled: no driver support
[2016.02.25-00.28.36:701][  0]LogShaderCompilers: Guid format shader working directory is -22 characters bigger than the processId version (../../../../../../Users/Eric/Documents/GitHub/Glass-Eyes/Glass_Eyes/Intermediate/Shaders/WorkingDirectory/7520/).
[2016.02.25-00.28.36:702][  0]LogShaderCompilers: Cleaned the shader compiler working directory 'C:/Users/Eric/AppData/Local/Temp/UnrealShaderWorkingDir/975858C74F1B3973257723A665FACC97/'.
[2016.02.25-00.28.36:702][  0]LogShaderCompilers:Display: Using Local Shader Compiler.
[2016.02.25-00.28.40:984][  0]LogTemp:Display: Loaded TP AllDesktopTargetPlatform
[2016.02.25-00.28.40:995][  0]LogTemp:Display: Loaded TP WindowsClientTargetPlatform
[2016.02.25-00.28.41:009][  0]LogTemp:Display: Loaded TP WindowsNoEditorTargetPlatform
[2016.02.25-00.28.41:021][  0]LogTemp:Display: Loaded TP WindowsServerTargetPlatform
[2016.02.25-00.28.41:032][  0]LogTemp:Display: Loaded TP WindowsTargetPlatform
[2016.02.25-00.28.41:041][  0]LogTemp:Display: Loaded TP AndroidTargetPlatform
[2016.02.25-00.28.41:050][  0]LogTemp:Display: Loaded TP Android_ASTCTargetPlatform
[2016.02.25-00.28.41:057][  0]LogTemp:Display: Loaded TP Android_ATCTargetPlatform
[2016.02.25-00.28.41:066][  0]LogTemp:Display: Loaded TP Android_DXTTargetPlatform
[2016.02.25-00.28.41:075][  0]LogTemp:Display: Loaded TP Android_ETC1TargetPlatform
[2016.02.25-00.28.41:084][  0]LogTemp:Display: Loaded TP Android_ETC2TargetPlatform
[2016.02.25-00.28.41:103][  0]LogTemp:Display: Loaded TP Android_MultiTargetPlatform
[2016.02.25-00.28.41:103][  0]LogTemp:Display: Loaded TP Android_PVRTCTargetPlatform
[2016.02.25-00.28.41:106][  0]LogTemp:Display: Loaded TP HTML5TargetPlatform
[2016.02.25-00.28.41:133][  0]LogTemp:Display: Loaded TP IOSTargetPlatform
[2016.02.25-00.28.41:140][  0]LogTemp:Display: Loaded TP LinuxNoEditorTargetPlatform
[2016.02.25-00.28.41:150][  0]LogTemp:Display: Loaded TP LinuxServerTargetPlatform
[2016.02.25-00.28.41:158][  0]LogTemp:Display: Loaded TP LinuxTargetPlatform
[2016.02.25-00.28.41:158][  0]LogTargetPlatformManager:Display: Building Assets For Windows
[2016.02.25-00.28.41:438][  0]LogDerivedDataCache:Display: Max Cache Size: 512 MB
[2016.02.25-00.28.41:634][  0]LogDerivedDataCache: Loaded boot cache 0.19s 41MB C:/Users/Eric/AppData/Local/UnrealEngine/4.10/DerivedDataCache/Boot.ddc.
[2016.02.25-00.28.41:634][  0]LogDerivedDataCache:Display: Loaded Boot cache: C:/Users/Eric/AppData/Local/UnrealEngine/4.10/DerivedDataCache/Boot.ddc
[2016.02.25-00.28.41:634][  0]LogDerivedDataCache: FDerivedDataBackendGraph:  Pak pak cache file ../../../../../../Users/Eric/Documents/GitHub/Glass-Eyes/Glass_Eyes/DerivedDataCache/DDC.ddp not found, will not use a pak cache.
[2016.02.25-00.28.41:634][  0]LogDerivedDataCache: Unable to find inner node Pak for hierarchical cache Hierarchy.
[2016.02.25-00.28.41:634][  0]LogDerivedDataCache: FDerivedDataBackendGraph:  CompressedPak pak cache file ../../../../../../Users/Eric/Documents/GitHub/Glass-Eyes/Glass_Eyes/DerivedDataCache/Compressed.ddp not found, will not use a pak cache.
[2016.02.25-00.28.41:634][  0]LogDerivedDataCache: Unable to find inner node CompressedPak for hierarchical cache Hierarchy.
[2016.02.25-00.28.41:876][  0]LogDerivedDataCache:Display: Pak cache opened for reading ../../../Engine/DerivedDataCache/Compressed.ddp.
[2016.02.25-00.28.41:914][  0]LogDerivedDataCache: Using Local data cache path C:/Users/Eric/AppData/Local/UnrealEngine/Common/DerivedDataCache: Writable
[2016.02.25-00.28.43:322][  0]LogInit: Selected Device Profile: [Windows]
[2016.02.25-00.28.43:340][  0]LogContentStreaming: Texture pool size is 0.000000MB
[2016.02.25-00.28.43:942][  0]LogMeshUtilities: No automatic mesh reduction module available
[2016.02.25-00.28.43:942][  0]LogMeshUtilities: No automatic mesh merging module available
[2016.02.25-00.28.44:871][  0]LogInit: WinSock: version 1.1 (2.2), MaxSocks=32767, MaxUdp=65467
[2016.02.25-00.28.48:906][  0]UdpMessaging: Initializing bridge on interface 0.0.0.0:0 to multicast group 230.0.0.1:6666.
[2016.02.25-00.28.49:329][  0]LogAssetRegistry: FAssetRegistry took 0.0127 seconds to start up
[2016.02.25-00.28.50:315][  0]SourceControl: Info Source control is disabled
[2016.02.25-00.28.50:327][  0]SourceControl: Info Source control is disabled
[2016.02.25-00.28.50:408][  0]SourceControl: Info Source control is disabled
[2016.02.25-00.28.50:506][  0]SourceControl: Info Source control is disabled
[2016.02.25-00.28.51:889][  0]LogObj: 28637 objects as part of root set at end of initial load.
[2016.02.25-00.28.51:889][  0]LogUObjectAllocator: 6101632 out of 0 bytes used by permanent object pool.
[2016.02.25-00.28.52:031][  0]LogEngine: Initializing Engine...
[2016.02.25-00.28.52:039][  0]LogHMD: Can't find Oculus library dev build: is proper Runtime installed? Version: 0.8.0.0
[2016.02.25-00.28.52:042][  0]LogHMD: SteamVR failed to initialize.  Err: 110
[2016.02.25-00.28.52:401][  0]LogAIModule: Creating AISystem for world NewWorld
[2016.02.25-00.28.52:411][  0]LogInit: XAudio2 using 'Speaker/HP (Realtek High Definition Audio)' : 2 channels at 48 kHz using 32 bits per sample (channel mask 0x3)
[2016.02.25-00.28.52:451][  0]LogInit: FAudioDevice initialized.
[2016.02.25-00.28.52:542][  0]LogDerivedDataCache: Saved boot cache 0.09s 41MB C:/Users/Eric/AppData/Local/UnrealEngine/4.10/DerivedDataCache/Boot.ddc.
[2016.02.25-00.28.52:570][  0]LogInit: Texture streaming: Enabled
[2016.02.25-00.28.52:589][  0]LogAnalytics: Creating configured Analytics provider AnalyticsET
[2016.02.25-00.28.52:589][  0]LogAnalytics: [UEEditor.Rocket.Release] APIServer = http://et2.epicgames.com/ET2/. AppVersion = 4.10.2-2818068+++depot+UE4-Releases+4.10
[2016.02.25-00.28.52:590][  0]LogAnalytics: [UEEditor.Rocket.Release] SetUserId 0a6b46464d0d31169e959d929e6fa3e9|24c06dece7b84051854062f7994677a4|41f97bea-08f5-47e9-a593-a868c93c43ca
[2016.02.25-00.28.52:590][  0]LogAnalytics: [UEEditor.Rocket.Release] AnalyticsET::StartSession
[2016.02.25-00.28.52:616][  0]LogInit: Transaction tracking system initialized
[2016.02.25-00.28.52:708][  0]BlueprintLog: New page: Editor Load
[2016.02.25-00.28.52:994][  0]LocalizationService: Info Localization service is disabled
[2016.02.25-00.28.53:231][  0]LogConsoleResponse:Display: 
[2016.02.25-00.28.53:547][  0]LogFileCache: Scanning file cache for directory 'C:/Users/Eric/Documents/GitHub/Glass-Eyes/Glass_Eyes/Content/' took 0.02s
[2016.02.25-00.28.53:547][  0]LogCook:Display: Done creating registry. It took  0.00s.
[2016.02.25-00.28.53:734][  0]SourceControl: Info Source control is disabled
[2016.02.25-00.28.53:735][  0]Cmd: MAP LOAD FILE="../../../Engine/Content/Maps/Templates/Template_Default.umap" TEMPLATE=1 SHOWPROGRESS=1 FEATURELEVEL=3
[2016.02.25-00.28.53:736][  0]LightingResults: New page: Lighting Build
[2016.02.25-00.28.53:743][  0]MapCheck: New page: Map Check
[2016.02.25-00.28.53:743][  0]LightingResults: New page: Lighting Build
[2016.02.25-00.28.53:770][  0]LogParticles: Destroying 0 GPU particle simulations for FXSystem 0x000000ED70423B00
[2016.02.25-00.28.54:772][  0]LogAIModule: Creating AISystem for world Untitled_1
[2016.02.25-00.28.54:790][  0]LogEditorServer: Finished looking for orphan Actors (0.000 secs)
[2016.02.25-00.28.54:884][  0]Cmd: MAP CHECKDEP NOCLEARLOG
[2016.02.25-00.28.55:103][  0]MapCheck: Info Map check complete: 0 Error(s), 0 Warning(s), took 218.809ms to complete.
[2016.02.25-00.28.55:103][  0]LogFileHelpers: Loading map 'Template_Default' took 1.369
[2016.02.25-00.28.56:420][  0]LogCollectionManager: Loaded 0 collections in 0.010641 seconds
[2016.02.25-00.28.56:774][  0]LogFileCache: Scanning file cache for directory 'C:/Users/Eric/Documents/GitHub/Glass-Eyes/Glass_Eyes/Saved/Collections/' took 0.01s
[2016.02.25-00.28.56:774][  0]LogFileCache: Scanning file cache for directory 'C:/Users/Eric/Documents/GitHub/Glass-Eyes/Glass_Eyes/Content/Developers/Eric/Collections/' took 0.01s
[2016.02.25-00.28.56:774][  0]LogFileCache: Scanning file cache for directory 'C:/Users/Eric/Documents/GitHub/Glass-Eyes/Glass_Eyes/Content/Collections/' took 0.01s
[2016.02.25-00.28.56:774][  0]LogCollectionManager: Rebuilt the GUID cache for 0 collections in 0.000013 seconds
[2016.02.25-00.28.57:066][  0]LogContentBrowser: Native class hierarchy populated in 0.2465 seconds. Added 1894 classes and 339 folders.
[2016.02.25-00.28.57:216][  0]LogContentBrowser: Native class hierarchy updated for 'WidgetCarousel' in 0.0021 seconds. Added 0 classes and 0 folders.
[2016.02.25-00.28.58:392][  0]LogContentBrowser: Native class hierarchy updated for 'AddContentDialog' in 0.0016 seconds. Added 0 classes and 0 folders.
[2016.02.25-00.28.58:465][  0]LogContentBrowser: Native class hierarchy updated for 'SceneOutliner' in 0.0017 seconds. Added 1 classes and 2 folders.
[2016.02.25-00.28.59:403][  0]LogCrashTracker: Crashtracker disabled due to settings.
[2016.02.25-00.28.59:520][  0]LogUObjectGlobals:Warning: Failed to find object 'Class None.'
[2016.02.25-00.28.59:571][  0]LogLoad: Full Startup: 30.13 seconds (BP compile: 0.15 seconds)
[2016.02.25-00.28.59:583][  0]LogWindowsTextInputMethodSystem:Display: IME system now deactivated.
[2016.02.25-00.28.59:584][  0]LogWindowsTextInputMethodSystem:Display: IME system now deactivated.
[2016.02.25-00.28.59:599][  0]LogOcInput: Can't find Oculus library dev build: is proper Runtime installed? Version: 0.8.0.0
[2016.02.25-00.29.00:099][  0]LogContentStreaming: Texture pool size now 1000 MB
[2016.02.25-00.29.01:073][  0]LogRenderer: Reallocating scene render targets to support 740x480 (Frame:2).
[2016.02.25-00.29.03:012][  6]LogAssetRegistry: Asset discovery search completed in 13.6948 seconds
[2016.02.25-00.29.03:012][  6]LogCollectionManager: Rebuilt the object cache for 0 collections in 0.000001 seconds (found 0 objects)
[2016.02.25-00.29.03:012][  6]LogCollectionManager: Fixed up redirectors for 0 collections in 0.000068 seconds (updated 0 objects)
[2016.02.25-00.29.06:883][ 42]LogLinker:Warning: Asset '../../../Engine/Content/ArtTools/RenderToTexture/Macros/RenderToTextureMacros.uasset' has been saved with empty engine version. The asset will be loaded but may be incompatible.
[2016.02.25-00.29.10:608][ 42]LogContentBrowser: Native class hierarchy updated for 'BlueprintGraph' in 0.0037 seconds. Added 107 classes and 0 folders.
[2016.02.25-00.34.29:772][523]LogEditorTransaction: Undo Expands the node's internal graph into the current graph and removes this node.
[2016.02.25-00.34.29:931][523]LogActorComponent: ~FComponentReregisterContext: (/Engine/Transient.World_3:PersistentLevel.PaperCharacter_Player_C_0.Sprite0) Component already registered.
[2016.02.25-00.36.33:663][429]LogEditorTransaction: Undo Expands the node's internal graph into the current graph and removes this node.
[2016.02.25-00.39.00:483][112]LogParticles: Destroying 0 GPU particle simulations for FXSystem 0x000000ED76DC6200
[2016.02.25-00.39.00:549][112]LogFileHelpers: Editor autosave (incl. sublevels) for '/Temp/Untitled_1' took 0.206
[2016.02.25-00.39.00:587][112]OBJ SavePackage: Generating thumbnails for [0] asset(s) in package [/Game/MyContent/Blueprints/PaperCharacter_Player] ([1] browsable assets)...
[2016.02.25-00.39.00:587][112]OBJ SavePackage: Finished generating thumbnails for package [/Game/MyContent/Blueprints/PaperCharacter_Player]
[2016.02.25-00.39.01:219][112]LogSavePackage: Save=563.189087ms
[2016.02.25-00.39.01:219][112]LogSavePackage: Moving '../../../../../../Users/Eric/Documents/GitHub/Glass-Eyes/Glass_Eyes/Saved/PaperCharacter_Player_Auto1FE8E869A4A9FB18E291990BA73A66C55.tmp' to '../../../../../../Users/Eric/Documents/GitHub/Glass-Eyes/Glass_Eyes/Saved/Autosaves/Game/MyContent/Blueprints/PaperCharacter_Player_Auto1.uasset'
[2016.02.25-00.39.01