[2016.02.25-00.28.34:083][  0]Log file open, 02/24/16 19:28:34
[2016.02.25-00.28.34:083][  0]LogInit:Display: Running engine for game: Glass_Eyes
[2016.02.25-00.28.34:083][  0]LogPlatformFile: Not using cached read wrapper
[2016.02.25-00.28.34:083][  0]LogInit:Display: RandInit(-1811147954) SRandInit(-1811147952).
[2016.02.25-00.28.34:083][  0]LogTaskGraph: Started task graph with 4 named threads and 7 total threads.
[2016.02.25-00.28.34:084][  0]LogStats: Stats thread started at 0.195313
[2016.02.25-00.28.34:084][  0]LogInit: Version: 4.10.2-2818068+++depot+UE4-Releases+4.10
[2016.02.25-00.28.34:084][  0]LogInit: API Version: 2758231
[2016.02.25-00.28.34:084][  0]LogInit: Compiled (64-bit): Jan  6 2016 17:36:42
[2016.02.25-00.28.34:084][  0]LogInit: Compiled with Visual C++: 19.00.23026.00
[2016.02.25-00.28.34:084][  0]LogInit: Build Configuration: Development
[2016.02.25-00.28.34:084][  0]LogInit: Branch Name: ++depot+UE4-Releases+4.10
[2016.02.25-00.28.34:084][  0]LogInit: Command line: 
[2016.02.25-00.28.34:084][  0]LogInit: Base directory: C:/Program Files (x86)/Epic Games/4.10/Engine/Binaries/Win64/
[2016.02.25-00.28.34:084][  0]LogInit: Rocket: 1
[2016.02.25-00.28.34:126][  0]LogInit: Using libcurl 7.41.0
[2016.02.25-00.28.34:126][  0]LogInit:  - built for x86_64-pc-win32
[2016.02.25-00.28.34:126][  0]LogInit:  - supports SSL with WinSSL
[2016.02.25-00.28.34:126][  0]LogInit:  - other features:
[2016.02.25-00.28.34:126][  0]LogInit:      CURL_VERSION_SSL
[2016.02.25-00.28.34:127][  0]LogInit:      CURL_VERSION_IPV6
[2016.02.25-00.28.34:127][  0]LogInit:      CURL_VERSION_ASYNCHDNS
[2016.02.25-00.28.34:127][  0]LogInit:      CURL_VERSION_LARGEFILE
[2016.02.25-00.28.34:127][  0]LogInit:      CURL_VERSION_IDN
[2016.02.25-00.28.34:127][  0]LogInit:  CurlRequestOptions (configurable via config and command line):
[2016.02.25-00.28.34:127][  0]LogInit:  - bVerifyPeer = true  - Libcurl will verify peer certificate
[2016.02.25-00.28.34:127][  0]LogInit:  - bUseHttpProxy = false  - Libcurl will NOT use HTTP proxy
[2016.02.25-00.28.34:127][  0]LogInit:  - bDontReuseConnections = false  - Libcurl will reuse connections
[2016.02.25-00.28.34:127][  0]LogInit:  - CertBundlePath = nullptr  - Libcurl will use whatever was configured at build time.
[2016.02.25-00.28.34:172][  0]LogInit: Presizing for 0 objects not considered by GC, pre-allocating 0 bytes.
[2016.02.25-00.28.34:210][  0]LogInit: Object subsystem initialized
[2016.02.25-00.28.34:215][  0]LogInit: Selected Device Profile: [Windows]
[2016.02.25-00.28.34:215][  0]LogInit: Applying CVar settings loaded from the selected device profile: [Windows]
[2016.02.25-00.28.34:259][  0]LogInit: Computer: NEON_BOLT_54
[2016.02.25-00.28.34:259][  0]LogInit: User: Eric
[2016.02.25-00.28.34:259][  0]LogInit: CPU Page size=4096, Cores=4
[2016.02.25-00.28.34:259][  0]LogInit: High frequency timer resolution =2.046952 MHz
[2016.02.25-00.28.34:259][  0]LogMemory: Memory total: Physical=7.2GB (8GB approx)
[2016.02.25-00.28.34:260][  0]LogMemory: Platform Memory Stats for Windows
[2016.02.25-00.28.34:260][  0]LogMemory: Process Physical Memory: 54.30 MB used, 54.30 MB peak
[2016.02.25-00.28.34:260][  0]LogMemory: Process Virtual Memory: 56.69 MB used, 56.69 MB peak
[2016.02.25-00.28.34:260][  0]LogMemory: Physical Memory: 5705.70 MB used, 7364.70 MB total
[2016.02.25-00.28.34:260][  0]LogMemory: Virtual Memory: 360.21 MB used, 134217728.00 MB total
[2016.02.25-00.28.34:401][  0]LogTextLocalizationManager: No specific translations for ('en-US') exist, so ('en') translations will be used.
[2016.02.25-00.28.36:637][  0]LogD3D11RHI: Found D3D11 adapter 0: AMD Radeon(TM) HD 8610G (Feature Level 11_0)
[2016.02.25-00.28.36:637][  0]LogD3D11RHI: Adapter has 749MB of dedicated video memory, 0MB of dedicated system memory, and 3456MB of shared system memory, 1 output[s]
[2016.02.25-00.28.36:641][  0]LogD3D11RHI: Found D3D11 adapter 1: Microsoft Basic Render Driver (Feature Level 11_0)
[2016.02.25-00.28.36:641][  0]LogD3D11RHI: Adapter has 0MB of dedicated video memory, 0MB of dedicated system memory, and 256MB of shared system memory, 0 output[s]
[2016.02.25-00.28.36:642][  0]LogD3D11RHI: Chosen D3D11 Adapter Id = 0
[2016.02.25-00.28.36:659][  0]LogD3D11RHI: !Direct3DDevice
[2016.02.25-00.28.36:659][  0]LogRHI: Texture pool is 524 MB (70% of 749 MB)
[2016.02.25-00.28.36:680][  0]LogD3D11RHI: Async texture creation disabled: no driver support
[2016.02.25-00.28.36:701][  0]LogShaderCompilers: Guid format shader working directory is -22 characters bigger than the processId version (../../../../../../Users/Eric/Documents/GitHub/Glass-Eyes/Glass_Eyes/Intermediate/Shaders/WorkingDirectory/7520/).
[2016.02.25-00.28.36:702][  0]LogShaderCompilers: Cleaned the shader compiler working directory 'C:/Users/Eric/AppData/Local/Temp/UnrealShaderWorkingDir/975858C74F1B3973257723A665FACC97/'.
[2016.02.25-00.28.36:702][  0]LogShaderCompilers:Display: Using Local Shader Compiler.
[2016.02.25-00.28.40:984][  0]LogTemp:Display: Loaded TP AllDesktopTargetPlatform
[2016.02.25-00.28.40:995][  0]LogTemp:Display: Loaded TP WindowsClientTargetPlatform
[2016.02.25-00.28.41:009][  0]LogTemp:Display: Loaded TP WindowsNoEditorTargetPlatform
[2016.02.25-00.28.41:021][  0]LogTemp:Display: Loaded TP WindowsServerTargetPlatform
[2016.02.25-00.28.41:032][  0]LogTemp:Display: Loaded TP WindowsTargetPlatform
[2016.02.25-00.28.41:041][  0]LogTemp:Display: Loaded TP AndroidTargetPlatform
[2016.02.25-00.28.41:050][  0]LogTemp:Display: Loaded TP Android_ASTCTargetPlatform
[2016.02.25-00.28.41:057][  0]LogTemp:Display: Loaded TP Android_ATCTargetPlatform
[2016.02.25-00.28.41:066][  0]LogTemp:Display: Loaded TP Android_DXTTargetPlatform
[2016.02.25-00.28.41:075][  0]LogTemp:Display: Loaded TP Android_ETC1TargetPlatform
[2016.02.25-00.28.41:084][  0]LogTemp:Display: Loaded TP Android_ETC2TargetPlatform
[2016.02.25-00.28.41:103][  0]LogTemp:Display: Loaded TP Android_MultiTargetPlatform
[2016.02.25-00.28.41:103][  0]LogTemp:Display: Loaded TP Android_PVRTCTargetPlatform
[2016.02.25-00.28.41:106][  0]LogTemp:Display: Loaded TP HTML5TargetPlatform
[2016.02.25-00.28.41:133][  0]LogTemp:Display: Loaded TP IOSTargetPlatform
[2016.02.25-00.28.41:140][  0]LogTemp:Display: Loaded TP LinuxNoEditorTargetPlatform
[2016.02.25-00.28.41:150][  0]LogTemp:Display: Loaded TP LinuxServerTargetPlatform
[2016.02.25-00.28.41:158][  0]LogTemp:Display: Loaded TP LinuxTargetPlatform
[2016.02.25-00.28.41:158][  0]LogTargetPlatformManager:Display: Building Assets For Windows
[2016.02.25-00.28.41:438][  0]LogDerivedDataCache:Display: Max Cache Size: 512 MB
[2016.02.25-00.28.41:634][  0]LogDerivedDataCache: Loaded boot cache 0.19s 41MB C:/Users/Eric/AppData/Local/UnrealEngine/4.10/DerivedDataCache/Boot.ddc.
[2016.02.25-00.28.41:634][  0]LogDerivedDataCache:Display: Loaded Boot cache: C:/Users/Eric/AppData/Local/UnrealEngine/4.10/DerivedDataCache/Boot.ddc
[2016.02.25-00.28.41:634][  0]LogDerivedDataCache: FDerivedDataBackendGraph:  Pak pak cache file ../../../../../../Users/Eric/Documents/GitHub/Glass-Eyes/Glass_Eyes/DerivedDataCache/DDC.ddp not found, will not use a pak cache.
[2016.02.25-00.28.41:634][  0]LogDerivedDataCache: Unable to find inner node Pak for hierarchical cache Hierarchy.
[2016.02.25-00.28.41:634][  0]LogDerivedDataCache: FDerivedDataBackendGraph:  CompressedPak pak cache file ../../../../../../Users/Eric/Documents/GitHub/Glass-Eyes/Glass_Eyes/DerivedDataCache/Compressed.ddp not found, will not use a pak cache.
[2016.02.25-00.28.41:634][  0]LogDerivedDataCache: Unable to find inner node CompressedPak for hierarchical cache Hierarchy.
[2016.02.25-00.28.41:876][  0]LogDerivedDataCache:Display: Pak cache opened for reading ../../../Engine/DerivedDataCache/Compressed.ddp.
[2016.02.25-00.28.41:914][  0]LogDerivedDataCache: Using Local data cache path C:/Users/Eric/AppData/Local/UnrealEngine/Common/DerivedDataCache: Writable
[2016.02.25-00.28.43:322][  0]LogInit: Selected Device Profile: [Windows]
[2016.02.25-00.28.43:340][  0]LogContentStreaming: Texture pool size is 0.000000MB
[2016.02.25-00.28.43:942][  0]LogMeshUtilities: No automatic mesh reduction module available
[2016.02.25-00.28.43:942][  0]LogMeshUtilities: No automatic mesh merging module available
[2016.02.25-00.28.44:871][  0]LogInit: WinSock: version 1.1 (2.2), MaxSocks=32767, MaxUdp=65467
[2016.02.25-00.28.48:906][  0]UdpMessaging: Initializing bridge on interface 0.0.0.0:0 to multicast group 230.0.0.1:6666.
[2016.02.25-00.28.49:329][  0]LogAssetRegistry: FAssetRegistry took 0.0127 seconds to start up
[2016.02.25-00.28.50:315][  0]SourceControl: Info Source control is disabled
[2016.02.25-00.28.50:327][  0]SourceControl: Info Source control is disabled
[2016.02.25-00.28.50:408][  0]SourceControl: Info Source control is disabled
[2016.02.25-00.28.50:506][  0]SourceControl: Info Source control is disabled
[2016.02.25-00.28.51:889][  0]LogObj: 28637 objects as part of root set at end of initial load.
[2016.02.25-00.28.51:889][  0]LogUObjectAllocator: 6101632 out of 0 bytes used by permanent object pool.
[2016.02.25-00.28.52:031][  0]LogEngine: Initializing Engine...
[2016.02.25-00.28.52:039][  0]LogHMD: Can't find Oculus library dev build: is proper Runtime installed? Version: 0.8.0.0
[2016.02.25-00.28.52:042][  0]LogHMD: SteamVR failed to initialize.  Err: 110
[2016.02.25-00.28.52:401][  0]LogAIModule: Creating AISystem for world NewWorld
[2016.02.25-00.28.52:411][  0]LogInit: XAudio2 using 'Speaker/HP (Realtek High Definition Audio)' : 2 channels at 48 kHz using 32 bits per sample (channel mask 0x3)
[2016.02.25-00.28.52:451][  0]LogInit: FAudioDevice initialized.
[2016.02.25-00.28.52:542][  0]LogDerivedDataCache: Saved boot cache 0.09s 41MB C:/Users/Eric/AppData/Local/UnrealEngine/4.10/DerivedDataCache/Boot.ddc.
[2016.02.25-00.28.52:570][  0]LogInit: Texture streaming: Enabled
[2016.02.25-00.28.52:589][  0]LogAnalytics: Creating configured Analytics provider AnalyticsET
[2016.02.25-00.28.52:589][  0]LogAnalytics: [UEEditor.Rocket.Release] APIServer = http://et2.epicgames.com/ET2/. AppVersion = 4.10.2-2818068+++depot+UE4-Releases+4.10
[2016.02.25-00.28.52:590][  0]LogAnalytics: [UEEditor.Rocket.Release] SetUserId 0a6b46464d0d31169e959d929e6fa3e9|24c06dece7b84051854062f7994677a4|41f97bea-08f5-47e9-a593-a868c93c43ca
[2016.02.25-00.28.52:590][  0]LogAnalytics: [UEEditor.Rocket.Release] AnalyticsET::StartSession
[2016.02.25-00.28.52:616][  0]LogInit: Transaction tracking system initialized
[2016.02.25-00.28.52:708][  0]BlueprintLog: New page: Editor Load
[2016.02.25-00.28.52:994][  0]LocalizationService: Info Localization service is disabled
[2016.02.25-00.28.53:231][  0]LogConsoleResponse:Display: 
[2016.02.25-00.28.53:547][  0]LogFileCache: Scanning file cache for directory 'C:/Users/Eric/Documents/GitHub/Glass-Eyes/Glass_Eyes/Content/' took 0.02s
[2016.02.25-00.28.53:547][  0]LogCook:Display: Done creating registry. It took  0.00s.
[2016.02.25-00.28.53:734][  0]SourceControl: Info Source control is disabled
[2016.02.25-00.28.53:735][  0]Cmd: MAP LOAD FILE="../../../Engine/Content/Maps/Templates/Template_Default.umap" TEMPLATE=1 SHOWPROGRESS=1 FEATURELEVEL=3
[2016.02.25-00.28.53:736][  0]LightingResults: New page: Lighting Build
[2016.02.25-00.28.53:743][  0]MapCheck: New page: Map Check
[2016.02.25-00.28.53:743][  0]LightingResults: New page: Lighting Build
[2016.02.25-00.28.53:770][  0]LogParticles: Destroying 0 GPU particle simulations for FXSystem 0x000000ED70423B00
[2016.02.25-00.28.54:772][  0]LogAIModule: Creating AISystem for world Untitled_1
[2016.02.25-00.28.54:790][  0]LogEditorServer: Finished looking for orphan Actors (0.000 secs)
[2016.02.25-00.28.54:884][  0]Cmd: MAP CHECKDEP NOCLEARLOG
[2016.02.25-00.28.55:103][  0]MapCheck: Info Map check complete: 0 Error(s), 0 Warning(s), took 218.809ms to complete.
[2016.02.25-00.28.55:103][  0]LogFileHelpers: Loading map 'Template_Default' took 1.369
[2016.02.25-00.28.56:420][  0]LogCollectionManager: Loaded 0 collections in 0.010641 seconds
[2016.02.25-00.28.56:774][  0]LogFileCache: Scanning file cache for directory 'C:/Users/Eric/Documents/GitHub/Glass-Eyes/Glass_Eyes/Saved/Collections/' took 0.01s
[2016.02.25-00.28.56:774][  0]LogFileCache: Scanning file cache for directory 'C:/Users/Eric/Documents/GitHub/Glass-Eyes/Glass_Eyes/Content/Developers/Eric/Collections/' took 0.01s
[2016.02.25-00.28.56:774][  0]LogFileCache: Scanning file cache for directory 'C:/Users/Eric/Documents/GitHub/Glass-Eyes/Glass_Eyes/Content/Collections/' took 0.01s
[2016.02.25-00.28.56:774][  0]LogCollectionManager: Rebuilt the GUID cache for 0 collections in 0.000013 seconds
[2016.02.25-00.28.57:066][  0]LogContentBrowser: Native class hierarchy populated in 0.2465 seconds. Added 1894 classes and 339 folders.
[2016.02.25-00.28.57:216][  0]LogContentBrowser: Native class hierarchy updated for 'WidgetCarousel' in 0.0021 seconds. Added 0 classes and 0 folders.
[2016.02.25-00.28.58:392][  0]LogContentBrowser: Native class hierarchy updated for 'AddContentDialog' in 0.0016 seconds. Added 0 classes and 0 folders.
[2016.02.25-00.28.58:465][  0]LogContentBrowser: Native class hierarchy updated for 'SceneOutliner' in 0.0017 seconds. Added 1 classes and 2 folders.
[2016.02.25-00.28.59:403][  0]LogCrashTracker: Crashtracker disabled due to settings.
[2016.02.25-00.28.59:520][  0]LogUObjectGlobals:Warning: Failed to find object 'Class None.'
[2016.02.25-00.28.59:571][  0]LogLoad: Full Startup: 30.13 seconds (BP compile: 0.15 seconds)
[2016.02.25-00.28.59:583][  0]LogWindowsTextInputMethodSystem:Display: IME system now deactivated.
[2016.02.25-00.28.59:584][  0]LogWindowsTextInputMethodSystem:Display: IME system now deactivated.
[2016.02.25-00.28.59:599][  0]LogOcInput: Can't find Oculus library dev build: is proper Runtime installed? Version: 0.8.0.0
[2016.02.25-00.29.00:099][  0]LogContentStreaming: Texture pool size now 1000 MB
[2016.02.25-00.29.01:073][  0]LogRenderer: Reallocating scene render targets to support 740x480 (Frame:2).
[2016.02.25-00.29.03:012][  6]LogAssetRegistry: Asset discovery search completed in 13.6948 seconds
[2016.02.25-00.29.03:012][  6]LogCollectionManager: Rebuilt the object cache for 0 collections in 0.000001 seconds (found 0 objects)
[2016.02.25-00.29.03:012][  6]LogCollectionManager: Fixed up redirectors for 0 collections in 0.000068 seconds (updated 0 objects)
[2016.02.25-00.29.06:883][ 42]LogLinker:Warning: Asset '../../../Engine/Content/ArtTools/RenderToTexture/Macros/RenderToTextureMacros.uasset' has been saved with empty engine version. The asset will be loaded but may be incompatible.
[2016.02.25-00.29.10:608][ 42]LogContentBrowser: Native class hierarchy updated for 'BlueprintGraph' in 0.0037 seconds. Added 107 classes and 0 folders.
[2016.02.25-00.34.29:772][523]LogEditorTransaction: Undo Expands the node's internal graph into the current graph and removes this node.
[2016.02.25-00.34.29:931][523]LogActorComponent: ~FComponentReregisterContext: (/Engine/Transient.World_3:PersistentLevel.PaperCharacter_Player_C_0.Sprite0) Component already registered.
[2016.02.25-00.36.33:663][429]LogEditorTransaction: Undo Expands the node's internal graph into the current graph and removes this node.
[2016.02.25-00.39.00:483][112]LogParticles: Destroying 0 GPU particle simulations for FXSystem 0x000000ED76DC6200
[2016.02.25-00.39.00:549][112]LogFileHelpers: Editor autosave (incl. sublevels) for '/Temp/Untitled_1' took 0.206
[2016.02.25-00.39.00:587][112]OBJ SavePackage: Generating thumbnails for [0] asset(s) in package [/Game/MyContent/Blueprints/PaperCharacter_Player] ([1] browsable assets)...
[2016.02.25-00.39.00:587][112]OBJ SavePackage: Finished generating thumbnails for package [/Game/MyContent/Blueprints/PaperCharacter_Player]
[2016.02.25-00.39.01:219][112]LogSavePackage: Save=563.189087ms
[2016.02.25-00.39.01:219][112]LogSavePackage: Moving '../../../../../../Users/Eric/Documents/GitHub/Glass-Eyes/Glass_Eyes/Saved/PaperCharacter_Player_Auto1FE8E869A4A9FB18E291990BA73A66C55.tmp' to '../../../../../../Users/Eric/Documents/GitHub/Glass-Eyes/Glass_Eyes/Saved/Autosaves/Game/MyContent/Blueprints/PaperCharacter_Player_Auto1.uasset'
[2016.02.25-00.39.01:233][112]LogSavePackage: Total save time: 626.802683ms
[2016.02.25-00.39.01:233][112]LogSavePackage:Display: Finished SavePackage ../../../../../../Users/Eric/Documents/GitHub/Glass-Eyes/Glass_Eyes/Saved/Autosaves/Game/MyContent/Blueprints/PaperCharacter_Player_Auto1.uasset
[2016.02.25-00.39.01:233][112]LogFileHelpers: Auto-saving content packages took 0.672
[2016.02.25-00.44.02:525][137]LogD3D11RHI: Timed out while waiting for GPU to catch up. (0.5 s)
[2016.02.25-00.49.02:197][875]LogFileHelpers: Editor autosave (incl. sublevels) for '/Temp/Untitled_1' took 0.152
[2016.02.25-00.49.02:223][875]OBJ SavePackage: Generating thumbnails for [0] asset(s) in package [/Game/MyContent/Blueprints/PaperCharacter_Player] ([1] browsable assets)...
[2016.02.25-00.49.02:223][875]OBJ SavePackage: Finished generating thumbnails for package [/Game/MyContent/Blueprints/PaperCharacter_Player]
[2016.02.25-00.49.02:806][875]LogSavePackage: Save=529.926453ms
[2016.02.25-00.49.02:806][875]LogSavePackage: Moving '../../../../../../Users/Eric/Documents/GitHub/Glass-Eyes/Glass_Eyes/Saved/PaperCharacter_Player_Auto2719138884286C837969E8B8ED302A36F.tmp' to '../../../../../../Users/Eric/Documents/GitHub/Glass-Eyes/Glass_Eyes/Saved/Autosaves/Game/MyContent/Blueprints/PaperCharacter_Player_Auto2.uasset'
[2016.02.25-00.49.02:835][875]LogSavePackage: Total save time: 588.646434ms
[2016.02.25-00.49.02:835][875]LogSavePackage:Display: Finished SavePackage ../../../../../../Users/Eric/Documents/GitHub/Glass-Eyes/Glass_Eyes/Saved/Autosaves/Game/MyContent/Blueprints/PaperCharacter_Player_Auto2.uasset
[2016.02.25-00.49.02:835][875]LogFileHelpers: Auto-saving content packages took 0.633
[2016.02.25-01.35.02:652][ 97]LogWindowsTextInputMethodSystem:Display: IME system now deactivated.
[2016.02.25-01.35.02:658][ 97]LogWindowsTextInputMethodSystem:Display: IME system now deactivated.
[2016.02.25-01.35.04:030][ 98]Cmd: QUIT_EDITOR
[2016.02.25-01.35.05:035][ 98]LogExit: Preparing to exit.
[2016.02.25-01.35.06:002][ 98]LogExit: Editor shut down
[2016.02.25-01.35.06:002][ 98]LogExit: Transaction tracking system shut down
[2016.02.25-01.35.06:016][ 98]LogParticles: Destroying 0 GPU particle simulations for FXSystem 0x000000ED64990EA0
[2016.02.25-01.35.06:016][ 98]LogParticles: Destroying 0 GPU particle simulations for FXSystem 0x000000ED7442F420
[2016.02.25-01.35.06:032][ 98]LogParticles: Destroying 0 GPU particle simulations for FXSystem 0x000000ED74055EE0
[2016.02.25-01.35.06:092][ 98]LogParticles: Destroying 0 GPU particle simulations for FXSystem 0x000000ED7CBEEF20
[2016.02.25-01.35.07:166][ 98]LogExit: Object subsystem successfully closed.
[2016.02.25-01.35.07:186][ 98]LogD3D11RHI: Shutdown
[2016.02.25-01.35.07:186][ 98]LogD3D11RHI: CleanupD3DDevice
[2016.02.25-01.35.07:319][ 98]LogD3D11RHI: ~FD3D11DynamicRHI
[2016.02.25-01.35.07:385][ 98]LogModuleManager: Shutting down and abandoning module CookingStats (201)
[2016.02.25-01.35.07:385][ 98]LogModuleManager: Shutting down and abandoning module BlueprintGraph (200)
[2016.02.25-01.35.07:385][ 98]LogModuleManager: Shutting down and abandoning module CrashTracker (199)
[2016.02.25-01.35.07:385][ 98]LogModuleManager: Shutting down and abandoning module SceneOutliner (198)
[2016.02.25-01.35.07:385][ 98]LogModuleManager: Shutting down and abandoning module SuperSearch (197)
[2016.02.25-01.35.07:385][ 98]LogModuleManager: Shutting down and abandoning module WidgetCarousel (196)
[2016.02.25-01.35.07:386][ 98]LogModuleManager: Shutting down and abandoning module AddContentDialog (195)
[2016.02.25-01.35.07:397][ 98]LogModuleManager: Shutting down and abandoning module EditorWidgets (194)
[2016.02.25-01.35.07:397][ 98]LogModuleManager: Shutting down and abandoning module CollectionManager (193)
[2016.02.25-01.35.07:398][ 98]LogModuleManager: Shutting down and abandoning module StatsViewer (192)
[2016.02.25-01.35.07:398][ 98]LogModuleManager: Shutting down and abandoning module FoliageEdit (191)
[2016.02.25-01.35.07:398][ 98]LogModuleManager: Shutting down and abandoning module LandscapeEditor (190)
[2016.02.25-01.35.07:399][ 98]LogModuleManager: Shutting down and abandoning module ActorPickerMode (189)
[2016.02.25-01.35.07:399][ 98]LogModuleManager: Shutting down and abandoning module GeometryMode (188)
[2016.02.25-01.35.07:399][ 98]LogModuleManager: Shutting down and abandoning module TextureAlignMode (187)
[2016.02.25-01.35.07:399][ 98]LogModuleManager: Shutting down and abandoning module BspMode (186)
[2016.02.25-01.35.07:399][ 98]LogModuleManager: Shutting down and abandoning module PlacementMode (185)
[2016.02.25-01.35.07:399][ 98]LogModuleManager: Shutting down and abandoning module AutomationWorker (184)
[2016.02.25-01.35.07:399][ 98]LogModuleManager: Shutting down and abandoning module CharacterAI (183)
[2016.02.25-01.35.07:399][ 98]LogModuleManager: Shutting down and abandoning module SmartSnapping (182)
[2016.02.25-01.35.07:399][ 98]LogModuleManager: Shutting down and abandoning module ViewportSnapping (181)
[2016.02.25-01.35.07:399][ 98]LogModuleManager: Shutting down and abandoning module LogVisualizer (180)
[2016.02.25-01.35.07:399][ 98]LogModuleManager: Shutting down and abandoning module GameProjectGeneration (179)
[2016.02.25-01.35.07:399][ 98]LogModuleManager: Shutting down and abandoning module IntroTutorials (178)
[2016.02.25-01.35.07:400][ 98]LogModuleManager: Shutting down and abandoning module EditorLiveStreaming (177)
[2016.02.25-01.35.07:400][ 98]LogModuleManager: Shutting down and abandoning module IOSPlatformEditor (176)
[2016.02.25-01.35.07:400][ 98]LogModuleManager: Shutting down and abandoning module HTML5PlatformEditor (175)
[2016.02.25-01.35.07:400][ 98]LogModuleManager: Shutting down and abandoning module AndroidDeviceDetection (174)
[2016.02.25-01.35.07:898][ 98]LogModuleManager: Shutting down and abandoning module AndroidPlatformEditor (173)
[2016.02.25-01.35.07:898][ 98]LogModuleManager: Shutting down and abandoning module IOSRuntimeSettings (172)
[2016.02.25-01.35.07:898][ 98]LogModuleManager: Shutting down and abandoning module AndroidRuntimeSettings (171)
[2016.02.25-01.35.07:898][ 98]LogModuleManager: Shutting down and abandoning module MergeActors (170)
[2016.02.25-01.35.07:898][ 98]LogModuleManager: Shutting down and abandoning module SizeMap (169)
[2016.02.25-01.35.07:898][ 98]LogModuleManager: Shutting down and abandoning module TreeMap (168)
[2016.02.25-01.35.07:898][ 98]LogModuleManager: Shutting down and abandoning module ReferenceViewer (167)
[2016.02.25-01.35.07:898][ 98]LogModuleManager: Shutting down and abandoning module LocalizationService (166)
[2016.02.25-01.35.07:899][ 98]LogModuleManager: Shutting down and abandoning module LocalizationDashboard (165)
[2016.02.25-01.35.07:899][ 98]LogModuleManager: Shutting down and abandoning module HardwareTargeting (164)
[2016.02.25-01.35.07:899][ 98]LogModuleManager: Shutting down and abandoning module DeviceProfileEditor (163)
[2016.02.25-01.35.07:899][ 98]LogModuleManager: Shutting down and abandoning module UndoHistory (162)
[2016.02.25-01.35.07:899][ 98]LogModuleManager: Shutting down and abandoning module GameplayTagsEditor (161)
[2016.02.25-01.35.07:899][ 98]LogModuleManager: Shutting down and abandoning module UserFeedback (160)
[2016.02.25-01.35.07:899][ 98]LogModuleManager: Shutting down and abandoning module XmlParser (159)
[2016.02.25-01.35.07:899][ 98]LogModuleManager: Shutting down and abandoning module Blutility (158)
[2016.02.25-01.35.07:899][ 98]LogModuleManager: Shutting down and abandoning module ProjectTargetPlatformEditor (157)
[2016.02.25-01.35.07:899][ 98]LogModuleManager: Shutting down and abandoning module ProjectSettingsViewer (156)
[2016.02.25-01.35.07:899][ 98]LogModuleManager: Shutting down and abandoning module InputBindingEditor (155)
[2016.02.25-01.35.07:900][ 98]LogModuleManager: Shutting down and abandoning module EditorSettingsViewer (154)
[2016.02.25-01.35.07:900][ 98]LogModuleManager: Shutting down and abandoning module SettingsEditor (153)
[2016.02.25-01.35.07:900][ 98]LogModuleManager: Shutting down and abandoning module ProjectLauncher (152)
[2016.02.25-01.35.07:901][ 98]LogModuleManager: Shutting down and abandoning module SessionFrontend (151)
[2016.02.25-01.35.07:901][ 98]LogModuleManager: Shutting down and abandoning module ProfilerClient (150)
[2016.02.25-01.35.07:901][ 98]LogModuleManager: Shutting down and abandoning module TargetDeviceServices (149)
[2016.02.25-01.35.07:901][ 98]LogModuleManager: Shutting down and abandoning module DeviceManager (148)
[2016.02.25-01.35.07:901][ 98]LogModuleManager: Shutting down and abandoning module AutomationController (147)
[2016.02.25-01.35.07:901][ 98]LogModuleManager: Shutting down and abandoning module AutomationWindow (146)
[2016.02.25-01.35.07:901][ 98]LogModuleManager: Shutting down and abandoning module Layers (145)
[2016.02.25-01.35.07:901][ 98]LogModuleManager: Shutting down and abandoning module ComponentVisualizers (144)
[2016.02.25-01.35.07:901][ 98]LogModuleManager: Shutting down and abandoning module DetailCustomizations (143)
[2016.02.25-01.35.07:901][ 98]LogModuleManager: Shutting down and abandoning module PackagesDialog (142)
[2016.02.25-01.35.07:902][ 98]LogModuleManager: Shutting down and abandoning module Persona (141)
[2016.02.25-01.35.07:902][ 98]LogModuleManager: Shutting down and abandoning module Kismet (140)
[2016.02.25-01.35.07:902][ 98]LogModuleManager: Shutting down and abandoning module GraphEditor (139)
[2016.02.25-01.35.07:903][ 98]LogModuleManager: Shutting down and abandoning module ClassViewer (138)
[2016.02.25-01.35.07:903][ 98]LogModuleManager: Shutting down and abandoning module Toolbox (137)
[2016.02.25-01.35.07:903][ 98]LogModuleManager: Shutting down and abandoning module ModuleUI (136)
[2016.02.25-01.35.07:903][ 98]LogModuleManager: Shutting down and abandoning module MovieSceneTools (135)
[2016.02.25-01.35.07:903][ 98]LogModuleManager: Shutting down and abandoning module OutputLog (134)
[2016.02.25-01.35.07:903][ 98]LogModuleManager: Shutting down and abandoning module GammaUI (133)
[2016.02.25-01.35.07:903][ 98]LogModuleManager: Shutting down and abandoning module Documentation (132)
[2016.02.25-01.35.07:903][ 98]LogModuleManager: Shutting down and abandoning module GameLiveStreaming (131)
[2016.02.25-01.35.07:904][ 98]LogModuleManager: Shutting down and abandoning module StreamingPauseRendering (130)
[2016.02.25-01.35.07:904][ 98]LogModuleManager: Shutting down and abandoning module AnalyticsET (129)
[2016.02.25-01.35.07:904][ 98]LogModuleManager: Shutting down and abandoning module Analytics (128)
[2016.02.25-01.35.07:904][ 98]LogModuleManager: Shutting down and abandoning module AITestSuite (127)
[2016.02.25-01.35.07:904][ 98]LogModuleManager: Shutting down and abandoning module GameplayDebugger (126)
[2016.02.25-01.35.07:904][ 98]LogModuleManager: Shutting down and abandoning module AIModule (125)
[2016.02.25-01.35.07:904][ 98]LogModuleManager: Shutting down and abandoning module ProfilerService (124)
[2016.02.25-01.35.07:972][ 98]LogModuleManager: Shutting down and abandoning module TaskGraph (123)
[2016.02.25-01.35.07:973][ 98]LogModuleManager: Shutting down and abandoning module SlateRemote (122)
[2016.02.25-01.35.07:973][ 98]LogModuleManager: Shutting down and abandoning module SteamVRController (121)
[2016.02.25-01.35.07:973][ 98]LogModuleManager: Shutting down and abandoning module SteamVR (120)
[2016.02.25-01.35.07:973][ 98]LogModuleManager: Shutting down and abandoning module ProceduralMeshComponent (119)
[2016.02.25-01.35.07:973][ 98]LogModuleManager: Shutting down and abandoning module OculusLibrary (118)
[2016.02.25-01.35.07:973][ 98]LogModuleManager: Shutting down and abandoning module OculusInput (117)
[2016.02.25-01.35.07:973][ 98]LogModuleManager: Shutting down and abandoning module LeapMotionController (116)
[2016.02.25-01.35.08:048][ 98]LogModuleManager: Shutting down and abandoning module CustomMeshComponent (115)
[2016.02.25-01.35.08:049][ 98]LogModuleManager: Shutting down and abandoning module CableComponent (114)
[2016.02.25-01.35.08:049][ 98]LogModuleManager: Shutting down and abandoning module ArchVisCharacter (113)
[2016.02.25-01.35.08:049][ 98]LogModuleManager: Shutting down and abandoning module MessagingDebugger (112)
[2016.02.25-01.35.08:049][ 98]LogModuleManager: Shutting down and abandoning module MediaPlayerEditor (111)
[2016.02.25-01.35.08:049][ 98]LogModuleManager: Shutting down and abandoning module HTML5Networking (110)
[2016.02.25-01.35.08:049][ 98]LogModuleManager: Shutting down and abandoning module SpeedTreeImporter (109)
[2016.02.25-01.35.08:049][ 98]LogModuleManager: Shutting down and abandoning module PluginBrowser (108)
[2016.02.25-01.35.08:050][ 98]LogModuleManager: Shutting down and abandoning module EpicSurvey (107)
[2016.02.25-01.35.08:071][ 98]LogModuleManager: Shutting down and abandoning module DesktopPlatform (106)
[2016.02.25-01.35.08:071][ 98]LogModuleManager: Shutting down and abandoning module VisualStudioSourceCodeAccess (105)
[2016.02.25-01.35.08:071][ 98]LogModuleManager: Shutting down and abandoning module UObjectPlugin (104)
[2016.02.25-01.35.08:072][ 98]LogModuleManager: Shutting down and abandoning module SubversionSourceControl (103)
[2016.02.25-01.35.08:072][ 98]LogModuleManager: Shutting down and abandoning module PerforceSourceControl (102)
[2016.02.25-01.35.08:072][ 98]LogModuleManager: Shutting down and abandoning module SourceControl (101)
[2016.02.25-01.35.08:072][ 98]LogModuleManager: Shutting down and abandoning module GitSourceControl (100)
[2016.02.25-01.35.08:072][ 98]LogModuleManager: Shutting down and abandoning module LightPropagationVolumeEditor (99)
[2016.02.25-01.35.08:072][ 98]LogModuleManager: Shutting down and abandoning module PaperTiledImporter (98)
[2016.02.25-01.35.08:072][ 98]LogModuleManager: Shutting down and abandoning module PaperSpriteSheetImporter (97)
[2016.02.25-01.35.08:072][ 98]LogModuleManager: Shutting down and abandoning module MeshPaint (96)
[2016.02.25-01.35.08:072][ 98]LogModuleManager: Shutting down and abandoning module SlateReflector (95)
[2016.02.25-01.35.08:073][ 98]LogModuleManager: Shutting down and abandoning module HotReload (94)
[2016.02.25-01.35.08:073][ 98]LogModuleManager: Shutting down and abandoning module MainFrame (93)
[2016.02.25-01.35.08:074][ 98]LogModuleManager: Shutting down and abandoning module LevelEditor (92)
[2016.02.25-01.35.08:077][ 98]LogModuleManager: Shutting down and abandoning module DirectoryWatcher (91)
[2016.02.25-01.35.08:093][ 98]LogModuleManager: Shutting down and abandoning module AssetRegistry (90)
[2016.02.25-01.35.08:384][ 98]LogModuleManager: Shutting down and abandoning module ContentBrowser (89)
[2016.02.25-01.35.08:388][ 98]LogModuleManager: Shutting down and abandoning module Paper2DEditor (88)
[2016.02.25-01.35.08:388][ 98]LogModuleManager: Shutting down and abandoning module HowTo_PlayerInput (87)
[2016.02.25-01.35.08:388][ 98]LogModuleManager: Shutting down and abandoning module UdpMessaging (86)
[2016.02.25-01.35.08:490][ 98]LogModuleManager: Shutting down and abandoning module LightPropagationVolumeRuntime (85)
[2016.02.25-01.35.08:490][ 98]LogModuleManager: Shutting down and abandoning module Paper2D (84)
[2016.02.25-01.35.08:490][ 98]LogModuleManager: Shutting down and abandoning module WindowsMoviePlayer (83)
[2016.02.25-01.35.08:502][ 98]LogModuleManager: Shutting down and abandoning module Media (82)
[2016.02.25-01.35.08:502][ 98]LogModuleManager: Shutting down and abandoning module WmfMedia (81)
[2016.02.25-01.35.08:503][ 98]LogModuleManager: Shutting down and abandoning module OnlineBlueprintSupport (80)
[2016.02.25-01.35.08:503][ 98]LogModuleManager: Shutting down and abandoning module GameplayTasksEditor (79)
[2016.02.25-01.35.08:503][ 98]LogModuleManager: Shutting down and abandoning module PropertyEditor (78)
[2016.02.25-01.35.08:503][ 98]LogModuleManager: Shutting down and abandoning module BehaviorTreeEditor (77)
[2016.02.25-01.35.08:503][ 98]LogModuleManager: Shutting down and abandoning module FunctionalTesting (76)
[2016.02.25-01.35.08:503][ 98]LogModuleManager: Shutting down and abandoning module CollisionAnalyzer (75)
[2016.02.25-01.35.08:503][ 98]LogModuleManager: Shutting down and abandoning module WorkspaceMenuStructure (74)
[2016.02.25-01.35.08:504][ 98]LogModuleManager: Shutting down and abandoning module MessageLog (73)
[2016.02.25-01.35.08:504][ 98]LogModuleManager: Shutting down and abandoning module Sequencer (72)
[2016.02.25-01.35.08:505][ 98]LogModuleManager: Shutting down and abandoning module AssetTools (71)
[2016.02.25-01.35.08:505][ 98]LogModuleManager: Shutting down and abandoning module UMGEditor (70)
[2016.02.25-01.35.08:505][ 98]LogModuleManager: Shutting down and abandoning module UMG (69)
[2016.02.25-01.35.08:505][ 98]LogModuleManager: Shutting down and abandoning module Slate (68)
[2016.02.25-01.35.08:506][ 98]LogModuleManager: Shutting down and abandoning module EditorStyle (67)
[2016.02.25-01.35.08:518][ 98]LogModuleManager: Shutting down and abandoning module SessionServices (66)
[2016.02.25-01.35.08:518][ 98]LogModuleManager: Shutting down and abandoning module SourceCodeAccess (65)
[2016.02.25-01.35.08:519][ 98]LogModuleManager: Shutting down and abandoning module HeadMountedDisplay (64)
[2016.02.25-01.35.08:519][ 98]LogModuleManager: Shutting down and abandoning module XAudio2 (63)
[2016.02.25-01.35.08:519][ 98]LogModuleManager: Shutting down and abandoning module Networking (61)
[2016.02.25-01.35.08:519][ 98]LogModuleManager: Shutting down and abandoning module Core (60)
[2016.02.25-01.35.08:519][ 98]LogModuleManager: Shutting down and abandoning module KismetCompiler (59)
[2016.02.25-01.35.08:519][ 98]LogModuleManager: Shutting down and abandoning module PhysXFormats (58)
[2016.02.25-01.35.08:519][ 98]LogModuleManager: Shutting down and abandoning module MeshUtilities (57)
[2016.02.25-01.35.08:519][ 98]LogModuleManager: Shutting down and abandoning module DerivedDataCache (56)
[2016.02.25-01.35.08:561][ 98]LogDerivedDataCache: Shutdown
[2016.02.25-01.35.08:561][ 98]LogModuleManager: Shutting down and abandoning module ShaderFormatOpenGL (55)
[2016.02.25-01.35.08:561][ 98]LogModuleManager: Shutting down and abandoning module ShaderFormatD3D (54)
[2016.02.25-01.35.08:561][ 98]LogModuleManager: Shutting down and abandoning module MetalShaderFormat (53)
[2016.02.25-01.35.08:561][ 98]LogModuleManager: Shutting down and abandoning module TextureFormatUncompressed (52)
[2016.02.25-01.35.08:561][ 98]LogModuleManager: Shutting down and abandoning module TextureFormatPVR (51)
[2016.02.25-01.35.08:561][ 98]LogModuleManager: Shutting down and abandoning module TextureFormatIntelISPCTexComp (50)
[2016.02.25-01.35.08:561][ 98]LogModuleManager: Shutting down and abandoning module TextureFormatDXT (49)
[2016.02.25-01.35.08:561][ 98]LogModuleManager: Shutting down and abandoning module ImageWrapper (48)
[2016.02.25-01.35.08:561][ 98]LogModuleManager: Shutting down and abandoning module TextureFormatASTC (47)
[2016.02.25-01.35.08:561][ 98]LogModuleManager: Shutting down and abandoning module TextureFormatAndroid (46)
[2016.02.25-01.35.08:562][ 98]LogModuleManager: Shutting down and abandoning module AudioFormatOpus (45)
[2016.02.25-01.35.08:562][ 98]LogModuleManager: Shutting down and abandoning module AudioFormatOgg (44)
[2016.02.25-01.35.08:562][ 98]LogModuleManager: Shutting down and abandoning module AudioFormatADPCM (43)
[2016.02.25-01.35.08:562][ 98]LogModuleManager: Shutting down and abandoning module LinuxTargetPlatform (42)
[2016.02.25-01.35.08:562][ 98]LogModuleManager: Shutting down and abandoning module LinuxServerTargetPlatform (41)
[2016.02.25-01.35.08:562][ 98]LogModuleManager: Shutting down and abandoning module LinuxNoEditorTargetPlatform (40)
[2016.02.25-01.35.08:562][ 98]LogModuleManager: Shutting down and abandoning module Messaging (39)
[2016.02.25-01.35.08:562][ 98]LogModuleManager: Shutting down and abandoning module IOSTargetPlatform (38)
[2016.02.25-01.35.08:562][ 98]LogModuleManager: Shutting down and abandoning module HTML5TargetPlatform (37)
[2016.02.25-01.35.08:562][ 98]LogModuleManager: Shutting down and abandoning module Android_PVRTCTargetPlatform (36)
[2016.02.25-01.35.08:562][ 98]LogModuleManager: Shutting down and abandoning module Android_MultiTargetPlatform (35)
[2016.02.25-01.35.08:562][ 98]LogModuleManager: Shutting down and abandoning module Android_ETC2TargetPlatform (34)
[2016.02.25-01.35.08:562][ 98]LogModuleManager: Shutting down and abandoning module Android_ETC1TargetPlatform (33)
[2016.02.25-01.35.08:562][ 98]LogModuleManager: Shutting down and abandoning module Android_DXTTargetPlatform (32)
[2016.02.25-01.35.08:562][ 98]LogModuleManager: Shutting down and abandoning module Android_ATCTargetPlatform (31)
[2016.02.25-01.35.08:562][ 98]LogModuleManager: Shutting down and abandoning module Android_ASTCTargetPlatform (30)
[2016.02.25-01.35.08:563][ 98]LogModuleManager: Shutting down and abandoning module AndroidTargetPlatform (29)
[2016.02.25-01.35.08:563][ 98]LogModuleManager: Shutting down and abandoning module WindowsTargetPlatform (28)
[2016.02.25-01.35.08:563][ 98]LogModuleManager: Shutting down and abandoning module WindowsServerTargetPlatform (27)
[2016.02.25-01.35.08:563][ 98]LogModuleManager: Shutting down and abandoning module WindowsNoEditorTargetPlatform (26)
[2016.02.25-01.35.08:563][ 98]LogModuleManager: Shutting down and abandoning module WindowsClientTargetPlatform (25)
[2016.02.25-01.35.08:563][ 98]LogModuleManager: Shutting down and abandoning module AllDesktopTargetPlatform (24)
[2016.02.25-01.35.08:563][ 98]LogModuleManager: Shutting down and abandoning module TargetPlatform (23)
[2016.02.25-01.35.08:563][ 98]LogModuleManager: Shutting down and abandoning module InputCore (22)
[2016.02.25-01.35.08:563][ 98]LogModuleManager: Shutting down and abandoning module Settings (21)
[2016.02.25-01.35.08:563][ 98]LogModuleManager: Shutting down and abandoning module OnlineSubsystem (19)
[2016.02.25-01.35.08:563][ 98]LogModuleManager: Shutting down and abandoning module HTTP (18)
[2016.02.25-01.35.10:581][ 98]LogModuleManager: Shutting down and abandoning module XMPP (17)
[2016.02.25-01.35.10:581][ 98]LogModuleManager: Shutting down and abandoning module OculusRift (16)
[2016.02.25-01.35.10:581][ 98]LogModuleManager: Shutting down and abandoning module ExampleDeviceProfileSelector (15)
[2016.02.25-01.35.10:582][ 98]LogModuleManager: Shutting down and abandoning module TextureCompressor (14)
[2016.02.25-01.35.10:582][ 98]LogModuleManager: Shutting down and abandoning module ShaderCore (13)
[2016.02.25-01.35.10:582][ 98]LogModuleManager: Shutting down and abandoning module Landscape (12)
[2016.02.25-01.35.10:582][ 98]LogModuleManager: Shutting down and abandoning module SlateRHIRenderer (11)
[2016.02.25-01.35.10:630][ 98]LogModuleManager: Shutting down and abandoning module OpenGLDrv (10)
[2016.02.25-01.35.10:630][ 98]LogModuleManager: Shutting down and abandoning module D3D11RHI (9)
[2016.02.25-01.35.10:630][ 98]LogModuleManager: Shutting down and abandoning module AnimGraphRuntime (8)
[2016.02.25-01.35.10:630][ 98]LogModuleManager: Shutting down and abandoning module Renderer (7)
[2016.02.25-01.35.10:630][ 98]LogModuleManager: Shutting down and abandoning module Engine (6)
[2016.02.25-01.35.10:630][ 98]LogModuleManager: Shutting down and abandoning module CoreUObject (5)
[2016.02.25-01.35.10:632][ 98]LogModuleManager: Shutting down and abandoning module NetworkFile (4)
[2016.02.25-01.35.10:632][ 98]LogModuleManager: Shutting down and abandoning module StreamingFile (3)
[2016.02.25-01.35.10:632][ 98]LogModuleManager: Shutting down and abandoning module SandboxFile (2)
[2016.02.25-01.35.10:632][ 98]LogModuleManager: Shutting down and abandoning module PakFile (1)
[2016.02.25-01.35.10:638][ 98]LogExit: Exiting.
[2016.02.25-01.35.10:643][ 98]Log file closed, 02/24/16 20:35:10
